This is pdfTeX, Version 3.141592653-2.6-1.40.27 (MiKTeX 25.4) (preloaded format=pdflatex 2025.6.18)  11 NOV 2025 23:40
entering extended mode
 restricted \write18 enabled.
 file:line:error style messages enabled.
 %&-line parsing enabled.
**c:/Users/madha/Desktop/CMOS-References-and-Regulators-Homework/main.tex
(c:/Users/madha/Desktop/CMOS-References-and-Regulators-Homework/main.tex
LaTeX2e <2025-06-01>
L3 programming layer <2025-05-26>
(C:\Users\madha\AppData\Local\Programs\MiKTeX\tex/latex/base\article.cls
Document Class: article 2025/01/22 v1.4n Standard LaTeX document class
(C:\Users\madha\AppData\Local\Programs\MiKTeX\tex/latex/base\size10.clo
File: size10.clo 2025/01/22 v1.4n Standard LaTeX file (size option)
)
\c@part=\count275
\c@section=\count276
\c@subsection=\count277
\c@subsubsection=\count278
\c@paragraph=\count279
\c@subparagraph=\count280
\c@figure=\count281
\c@table=\count282
\abovecaptionskip=\skip49
\belowcaptionskip=\skip50
\bibindent=\dimen148
) (C:\Users\madha\AppData\Local\Programs\MiKTeX\tex/generic/babel\babel.sty
Package: babel 2025/05/14 v25.9 The multilingual framework for pdfLaTeX, LuaLaTeX and XeLaTeX
\babel@savecnt=\count283
LaTeX Encoding Info:    Redeclaring text command \ij (encoding OT1) on input line 2043.
LaTeX Encoding Info:    Redeclaring text command \IJ (encoding OT1) on input line 2045.
LaTeX Encoding Info:    Redeclaring text command \ij (encoding T1) on input line 2047.
LaTeX Encoding Info:    Redeclaring text command \IJ (encoding T1) on input line 2048.
LaTeX Encoding Info:    Ignoring declaration for text command \ij (encoding ?) on input line 2049.
LaTeX Encoding Info:    Ignoring declaration for text command \IJ (encoding ?) on input line 2051.
LaTeX Encoding Info:    Ignoring declaration for text command \SS (encoding ?) on input line 2076.
\U@D=\dimen149
\l@unhyphenated=\language79
 (C:\Users\madha\AppData\Local\Programs\MiKTeX\tex/generic/babel\txtbabel.def)
\bbl@readstream=\read2
\bbl@dirlevel=\count284

*************************************
* Local config file bblopts.cfg used
*
(C:\Users\madha\AppData\Local\Programs\MiKTeX\tex/latex/arabi\bblopts.cfg
File: bblopts.cfg 2005/09/08 v0.1 add Arabic and Farsi to "declared" options of babel
) (C:\Users\madha\AppData\Local\Programs\MiKTeX\tex/latex/babel-english\english.ldf
Language: english 2017/06/06 v3.3r English support from the babel system
 (C:\Users\madha\AppData\Local\Programs\MiKTeX\tex/generic/babel/locale/en\babel-english.tex
Package babel Info: Importing font and identification data for english
(babel)             from babel-en.ini. Reported on input line 11.
)
Package babel Info: Hyphen rules for 'canadian' set to \l@english
(babel)             (\language0). Reported on input line 102.
Package babel Info: Hyphen rules for 'australian' set to \l@ukenglish
(babel)             (\language73). Reported on input line 105.
Package babel Info: Hyphen rules for 'newzealand' set to \l@ukenglish
(babel)             (\language73). Reported on input line 108.
)) (C:\Users\madha\AppData\Local\Programs\MiKTeX\tex/latex/base\inputenc.sty
Package: inputenc 2024/02/08 v1.3d Input encoding file
\inpenc@prehook=\toks17
\inpenc@posthook=\toks18
 (C:\Users\madha\AppData\Local\Programs\MiKTeX\tex/latex/ucs\utf8x.def
File: utf8x.def 2023/11/09 UCS: Input encoding UTF-8


Package ucs Info: utf8x disabled, assuming standard utf8 processing
(ucs)             load ucs package to force utf8x processing.

(C:\Users\madha\AppData\Local\Programs\MiKTeX\tex/latex/base\utf8.def
File: utf8.def 2022/06/07 v1.3c UTF-8 support
Now handling font encoding OML ...
... no UTF-8 mapping file for font encoding OML
Now handling font encoding OMS ...
... processing UTF-8 mapping file for font encoding OMS
 (C:\Users\madha\AppData\Local\Programs\MiKTeX\tex/latex/base\omsenc.dfu
File: omsenc.dfu 2022/06/07 v1.3c UTF-8 support
   defining Unicode char U+00A7 (decimal 167)
   defining Unicode char U+00B6 (decimal 182)
   defining Unicode char U+00B7 (decimal 183)
   defining Unicode char U+2020 (decimal 8224)
   defining Unicode char U+2021 (decimal 8225)
   defining Unicode char U+2022 (decimal 8226)
)
Now handling font encoding OT1 ...
... processing UTF-8 mapping file for font encoding OT1
 (C:\Users\madha\AppData\Local\Programs\MiKTeX\tex/latex/base\ot1enc.dfu
File: ot1enc.dfu 2022/06/07 v1.3c UTF-8 support
   defining Unicode char U+00A0 (decimal 160)
   defining Unicode char U+00A1 (decimal 161)
   defining Unicode char U+00A3 (decimal 163)
   defining Unicode char U+00AD (decimal 173)
   defining Unicode char U+00B8 (decimal 184)
   defining Unicode char U+00BF (decimal 191)
   defining Unicode char U+00C5 (decimal 197)
   defining Unicode char U+00C6 (decimal 198)
   defining Unicode char U+00D8 (decimal 216)
   defining Unicode char U+00DF (decimal 223)
   defining Unicode char U+00E6 (decimal 230)
   defining Unicode char U+00EC (decimal 236)
   defining Unicode char U+00ED (decimal 237)
   defining Unicode char U+00EE (decimal 238)
   defining Unicode char U+00EF (decimal 239)
   defining Unicode char U+00F8 (decimal 248)
   defining Unicode char U+0131 (decimal 305)
   defining Unicode char U+0141 (decimal 321)
   defining Unicode char U+0142 (decimal 322)
   defining Unicode char U+0152 (decimal 338)
   defining Unicode char U+0153 (decimal 339)
   defining Unicode char U+0174 (decimal 372)
   defining Unicode char U+0175 (decimal 373)
   defining Unicode char U+0176 (decimal 374)
   defining Unicode char U+0177 (decimal 375)
   defining Unicode char U+0218 (decimal 536)
   defining Unicode char U+0219 (decimal 537)
   defining Unicode char U+021A (decimal 538)
   defining Unicode char U+021B (decimal 539)
   defining Unicode char U+0237 (decimal 567)
   defining Unicode char U+2013 (decimal 8211)
   defining Unicode char U+2014 (decimal 8212)
   defining Unicode char U+2018 (decimal 8216)
   defining Unicode char U+2019 (decimal 8217)
   defining Unicode char U+201C (decimal 8220)
   defining Unicode char U+201D (decimal 8221)
   defining Unicode char U+FB00 (decimal 64256)
   defining Unicode char U+FB01 (decimal 64257)
   defining Unicode char U+FB02 (decimal 64258)
   defining Unicode char U+FB03 (decimal 64259)
   defining Unicode char U+FB04 (decimal 64260)
   defining Unicode char U+FB05 (decimal 64261)
   defining Unicode char U+FB06 (decimal 64262)
)
Now handling font encoding T1 ...
... processing UTF-8 mapping file for font encoding T1
 (C:\Users\madha\AppData\Local\Programs\MiKTeX\tex/latex/base\t1enc.dfu
File: t1enc.dfu 2022/06/07 v1.3c UTF-8 support
   defining Unicode char U+00A0 (decimal 160)
   defining Unicode char U+00A1 (decimal 161)
   defining Unicode char U+00A3 (decimal 163)
   defining Unicode char U+00AB (decimal 171)
   defining Unicode char U+00AD (decimal 173)
   defining Unicode char U+00BB (decimal 187)
   defining Unicode char U+00BF (decimal 191)
   defining Unicode char U+00C0 (decimal 192)
   defining Unicode char U+00C1 (decimal 193)
   defining Unicode char U+00C2 (decimal 194)
   defining Unicode char U+00C3 (decimal 195)
   defining Unicode char U+00C4 (decimal 196)
   defining Unicode char U+00C5 (decimal 197)
   defining Unicode char U+00C6 (decimal 198)
   defining Unicode char U+00C7 (decimal 199)
   defining Unicode char U+00C8 (decimal 200)
   defining Unicode char U+00C9 (decimal 201)
   defining Unicode char U+00CA (decimal 202)
   defining Unicode char U+00CB (decimal 203)
   defining Unicode char U+00CC (decimal 204)
   defining Unicode char U+00CD (decimal 205)
   defining Unicode char U+00CE (decimal 206)
   defining Unicode char U+00CF (decimal 207)
   defining Unicode char U+00D0 (decimal 208)
   defining Unicode char U+00D1 (decimal 209)
   defining Unicode char U+00D2 (decimal 210)
   defining Unicode char U+00D3 (decimal 211)
   defining Unicode char U+00D4 (decimal 212)
   defining Unicode char U+00D5 (decimal 213)
   defining Unicode char U+00D6 (decimal 214)
   defining Unicode char U+00D8 (decimal 216)
   defining Unicode char U+00D9 (decimal 217)
   defining Unicode char U+00DA (decimal 218)
   defining Unicode char U+00DB (decimal 219)
   defining Unicode char U+00DC (decimal 220)
   defining Unicode char U+00DD (decimal 221)
   defining Unicode char U+00DE (decimal 222)
   defining Unicode char U+00DF (decimal 223)
   defining Unicode char U+00E0 (decimal 224)
   defining Unicode char U+00E1 (decimal 225)
   defining Unicode char U+00E2 (decimal 226)
   defining Unicode char U+00E3 (decimal 227)
   defining Unicode char U+00E4 (decimal 228)
   defining Unicode char U+00E5 (decimal 229)
   defining Unicode char U+00E6 (decimal 230)
   defining Unicode char U+00E7 (decimal 231)
   defining Unicode char U+00E8 (decimal 232)
   defining Unicode char U+00E9 (decimal 233)
   defining Unicode char U+00EA (decimal 234)
   defining Unicode char U+00EB (decimal 235)
   defining Unicode char U+00EC (decimal 236)
   defining Unicode char U+00ED (decimal 237)
   defining Unicode char U+00EE (decimal 238)
   defining Unicode char U+00EF (decimal 239)
   defining Unicode char U+00F0 (decimal 240)
   defining Unicode char U+00F1 (decimal 241)
   defining Unicode char U+00F2 (decimal 242)
   defining Unicode char U+00F3 (decimal 243)
   defining Unicode char U+00F4 (decimal 244)
   defining Unicode char U+00F5 (decimal 245)
   defining Unicode char U+00F6 (decimal 246)
   defining Unicode char U+00F8 (decimal 248)
   defining Unicode char U+00F9 (decimal 249)
   defining Unicode char U+00FA (decimal 250)
   defining Unicode char U+00FB (decimal 251)
   defining Unicode char U+00FC (decimal 252)
   defining Unicode char U+00FD (decimal 253)
   defining Unicode char U+00FE (decimal 254)
   defining Unicode char U+00FF (decimal 255)
   defining Unicode char U+0100 (decimal 256)
   defining Unicode char U+0101 (decimal 257)
   defining Unicode char U+0102 (decimal 258)
   defining Unicode char U+0103 (decimal 259)
   defining Unicode char U+0104 (decimal 260)
   defining Unicode char U+0105 (decimal 261)
   defining Unicode char U+0106 (decimal 262)
   defining Unicode char U+0107 (decimal 263)
   defining Unicode char U+0108 (decimal 264)
   defining Unicode char U+0109 (decimal 265)
   defining Unicode char U+010A (decimal 266)
   defining Unicode char U+010B (decimal 267)
   defining Unicode char U+010C (decimal 268)
   defining Unicode char U+010D (decimal 269)
   defining Unicode char U+010E (decimal 270)
   defining Unicode char U+010F (decimal 271)
   defining Unicode char U+0110 (decimal 272)
   defining Unicode char U+0111 (decimal 273)
   defining Unicode char U+0112 (decimal 274)
   defining Unicode char U+0113 (decimal 275)
   defining Unicode char U+0114 (decimal 276)
   defining Unicode char U+0115 (decimal 277)
   defining Unicode char U+0116 (decimal 278)
   defining Unicode char U+0117 (decimal 279)
   defining Unicode char U+0118 (decimal 280)
   defining Unicode char U+0119 (decimal 281)
   defining Unicode char U+011A (decimal 282)
   defining Unicode char U+011B (decimal 283)
   defining Unicode char U+011C (decimal 284)
   defining Unicode char U+011D (decimal 285)
   defining Unicode char U+011E (decimal 286)
   defining Unicode char U+011F (decimal 287)
   defining Unicode char U+0120 (decimal 288)
   defining Unicode char U+0121 (decimal 289)
   defining Unicode char U+0122 (decimal 290)
   defining Unicode char U+0123 (decimal 291)
   defining Unicode char U+0124 (decimal 292)
   defining Unicode char U+0125 (decimal 293)
   defining Unicode char U+0128 (decimal 296)
   defining Unicode char U+0129 (decimal 297)
   defining Unicode char U+012A (decimal 298)
   defining Unicode char U+012B (decimal 299)
   defining Unicode char U+012C (decimal 300)
   defining Unicode char U+012D (decimal 301)
   defining Unicode char U+012E (decimal 302)
   defining Unicode char U+012F (decimal 303)
   defining Unicode char U+0130 (decimal 304)
   defining Unicode char U+0131 (decimal 305)
   defining Unicode char U+0132 (decimal 306)
   defining Unicode char U+0133 (decimal 307)
   defining Unicode char U+0134 (decimal 308)
   defining Unicode char U+0135 (decimal 309)
   defining Unicode char U+0136 (decimal 310)
   defining Unicode char U+0137 (decimal 311)
   defining Unicode char U+0139 (decimal 313)
   defining Unicode char U+013A (decimal 314)
   defining Unicode char U+013B (decimal 315)
   defining Unicode char U+013C (decimal 316)
   defining Unicode char U+013D (decimal 317)
   defining Unicode char U+013E (decimal 318)
   defining Unicode char U+0141 (decimal 321)
   defining Unicode char U+0142 (decimal 322)
   defining Unicode char U+0143 (decimal 323)
   defining Unicode char U+0144 (decimal 324)
   defining Unicode char U+0145 (decimal 325)
   defining Unicode char U+0146 (decimal 326)
   defining Unicode char U+0147 (decimal 327)
   defining Unicode char U+0148 (decimal 328)
   defining Unicode char U+014A (decimal 330)
   defining Unicode char U+014B (decimal 331)
   defining Unicode char U+014C (decimal 332)
   defining Unicode char U+014D (decimal 333)
   defining Unicode char U+014E (decimal 334)
   defining Unicode char U+014F (decimal 335)
   defining Unicode char U+0150 (decimal 336)
   defining Unicode char U+0151 (decimal 337)
   defining Unicode char U+0152 (decimal 338)
   defining Unicode char U+0153 (decimal 339)
   defining Unicode char U+0154 (decimal 340)
   defining Unicode char U+0155 (decimal 341)
   defining Unicode char U+0156 (decimal 342)
   defining Unicode char U+0157 (decimal 343)
   defining Unicode char U+0158 (decimal 344)
   defining Unicode char U+0159 (decimal 345)
   defining Unicode char U+015A (decimal 346)
   defining Unicode char U+015B (decimal 347)
   defining Unicode char U+015C (decimal 348)
   defining Unicode char U+015D (decimal 349)
   defining Unicode char U+015E (decimal 350)
   defining Unicode char U+015F (decimal 351)
   defining Unicode char U+0160 (decimal 352)
   defining Unicode char U+0161 (decimal 353)
   defining Unicode char U+0162 (decimal 354)
   defining Unicode char U+0163 (decimal 355)
   defining Unicode char U+0164 (decimal 356)
   defining Unicode char U+0165 (decimal 357)
   defining Unicode char U+0168 (decimal 360)
   defining Unicode char U+0169 (decimal 361)
   defining Unicode char U+016A (decimal 362)
   defining Unicode char U+016B (decimal 363)
   defining Unicode char U+016C (decimal 364)
   defining Unicode char U+016D (decimal 365)
   defining Unicode char U+016E (decimal 366)
   defining Unicode char U+016F (decimal 367)
   defining Unicode char U+0170 (decimal 368)
   defining Unicode char U+0171 (decimal 369)
   defining Unicode char U+0172 (decimal 370)
   defining Unicode char U+0173 (decimal 371)
   defining Unicode char U+0174 (decimal 372)
   defining Unicode char U+0175 (decimal 373)
   defining Unicode char U+0176 (decimal 374)
   defining Unicode char U+0177 (decimal 375)
   defining Unicode char U+0178 (decimal 376)
   defining Unicode char U+0179 (decimal 377)
   defining Unicode char U+017A (decimal 378)
   defining Unicode char U+017B (decimal 379)
   defining Unicode char U+017C (decimal 380)
   defining Unicode char U+017D (decimal 381)
   defining Unicode char U+017E (decimal 382)
   defining Unicode char U+01C4 (decimal 452)
   defining Unicode char U+01C5 (decimal 453)
   defining Unicode char U+01C6 (decimal 454)
   defining Unicode char U+01C7 (decimal 455)
   defining Unicode char U+01C8 (decimal 456)
   defining Unicode char U+01C9 (decimal 457)
   defining Unicode char U+01CA (decimal 458)
   defining Unicode char U+01CB (decimal 459)
   defining Unicode char U+01CC (decimal 460)
   defining Unicode char U+01CD (decimal 461)
   defining Unicode char U+01CE (decimal 462)
   defining Unicode char U+01CF (decimal 463)
   defining Unicode char U+01D0 (decimal 464)
   defining Unicode char U+01D1 (decimal 465)
   defining Unicode char U+01D2 (decimal 466)
   defining Unicode char U+01D3 (decimal 467)
   defining Unicode char U+01D4 (decimal 468)
   defining Unicode char U+01E2 (decimal 482)
   defining Unicode char U+01E3 (decimal 483)
   defining Unicode char U+01E6 (decimal 486)
   defining Unicode char U+01E7 (decimal 487)
   defining Unicode char U+01E8 (decimal 488)
   defining Unicode char U+01E9 (decimal 489)
   defining Unicode char U+01EA (decimal 490)
   defining Unicode char U+01EB (decimal 491)
   defining Unicode char U+01F0 (decimal 496)
   defining Unicode char U+01F4 (decimal 500)
   defining Unicode char U+01F5 (decimal 501)
   defining Unicode char U+0218 (decimal 536)
   defining Unicode char U+0219 (decimal 537)
   defining Unicode char U+021A (decimal 538)
   defining Unicode char U+021B (decimal 539)
   defining Unicode char U+0232 (decimal 562)
   defining Unicode char U+0233 (decimal 563)
   defining Unicode char U+0237 (decimal 567)
   defining Unicode char U+02D9 (decimal 729)
   defining Unicode char U+02DB (decimal 731)
   defining Unicode char U+1E02 (decimal 7682)
   defining Unicode char U+1E03 (decimal 7683)
   defining Unicode char U+1E0D (decimal 7693)
   defining Unicode char U+1E1E (decimal 7710)
   defining Unicode char U+1E1F (decimal 7711)
   defining Unicode char U+1E25 (decimal 7717)
   defining Unicode char U+1E30 (decimal 7728)
   defining Unicode char U+1E31 (decimal 7729)
   defining Unicode char U+1E37 (decimal 7735)
   defining Unicode char U+1E8E (decimal 7822)
   defining Unicode char U+1E8F (decimal 7823)
   defining Unicode char U+1E43 (decimal 7747)
   defining Unicode char U+1E45 (decimal 7749)
   defining Unicode char U+1E47 (decimal 7751)
   defining Unicode char U+1E5B (decimal 7771)
   defining Unicode char U+1E63 (decimal 7779)
   defining Unicode char U+1E6D (decimal 7789)
   defining Unicode char U+1E90 (decimal 7824)
   defining Unicode char U+1E91 (decimal 7825)
   defining Unicode char U+1E9E (decimal 7838)
   defining Unicode char U+1EF2 (decimal 7922)
   defining Unicode char U+1EF3 (decimal 7923)
   defining Unicode char U+200C (decimal 8204)
   defining Unicode char U+2010 (decimal 8208)
   defining Unicode char U+2011 (decimal 8209)
   defining Unicode char U+2012 (decimal 8210)
   defining Unicode char U+2013 (decimal 8211)
   defining Unicode char U+2014 (decimal 8212)
   defining Unicode char U+2015 (decimal 8213)
   defining Unicode char U+2018 (decimal 8216)
   defining Unicode char U+2019 (decimal 8217)
   defining Unicode char U+201A (decimal 8218)
   defining Unicode char U+201C (decimal 8220)
   defining Unicode char U+201D (decimal 8221)
   defining Unicode char U+201E (decimal 8222)
   defining Unicode char U+2030 (decimal 8240)
   defining Unicode char U+2031 (decimal 8241)
   defining Unicode char U+2039 (decimal 8249)
   defining Unicode char U+203A (decimal 8250)
   defining Unicode char U+2423 (decimal 9251)
   defining Unicode char U+1E20 (decimal 7712)
   defining Unicode char U+1E21 (decimal 7713)
   defining Unicode char U+FB00 (decimal 64256)
   defining Unicode char U+FB01 (decimal 64257)
   defining Unicode char U+FB02 (decimal 64258)
   defining Unicode char U+FB03 (decimal 64259)
   defining Unicode char U+FB04 (decimal 64260)
   defining Unicode char U+FB05 (decimal 64261)
   defining Unicode char U+FB06 (decimal 64262)
)
Now handling font encoding TS1 ...
... processing UTF-8 mapping file for font encoding TS1
 (C:\Users\madha\AppData\Local\Programs\MiKTeX\tex/latex/base\ts1enc.dfu
File: ts1enc.dfu 2022/06/07 v1.3c UTF-8 support
   defining Unicode char U+00A2 (decimal 162)
   defining Unicode char U+00A3 (decimal 163)
   defining Unicode char U+00A4 (decimal 164)
   defining Unicode char U+00A5 (decimal 165)
   defining Unicode char U+00A6 (decimal 166)
   defining Unicode char U+00A7 (decimal 167)
   defining Unicode char U+00A8 (decimal 168)
   defining Unicode char U+00A9 (decimal 169)
   defining Unicode char U+00AA (decimal 170)
   defining Unicode char U+00AC (decimal 172)
   defining Unicode char U+00AE (decimal 174)
   defining Unicode char U+00AF (decimal 175)
   defining Unicode char U+00B0 (decimal 176)
   defining Unicode char U+00B1 (decimal 177)
   defining Unicode char U+00B2 (decimal 178)
   defining Unicode char U+00B3 (decimal 179)
   defining Unicode char U+00B4 (decimal 180)
   defining Unicode char U+00B5 (decimal 181)
   defining Unicode char U+00B6 (decimal 182)
   defining Unicode char U+00B7 (decimal 183)
   defining Unicode char U+00B9 (decimal 185)
   defining Unicode char U+00BA (decimal 186)
   defining Unicode char U+00BC (decimal 188)
   defining Unicode char U+00BD (decimal 189)
   defining Unicode char U+00BE (decimal 190)
   defining Unicode char U+00D7 (decimal 215)
   defining Unicode char U+00F7 (decimal 247)
   defining Unicode char U+0192 (decimal 402)
   defining Unicode char U+02C7 (decimal 711)
   defining Unicode char U+02D8 (decimal 728)
   defining Unicode char U+02DD (decimal 733)
   defining Unicode char U+0E3F (decimal 3647)
   defining Unicode char U+2016 (decimal 8214)
   defining Unicode char U+2020 (decimal 8224)
   defining Unicode char U+2021 (decimal 8225)
   defining Unicode char U+2022 (decimal 8226)
   defining Unicode char U+2030 (decimal 8240)
   defining Unicode char U+2031 (decimal 8241)
   defining Unicode char U+203B (decimal 8251)
   defining Unicode char U+203D (decimal 8253)
   defining Unicode char U+2044 (decimal 8260)
   defining Unicode char U+204E (decimal 8270)
   defining Unicode char U+2052 (decimal 8274)
   defining Unicode char U+20A1 (decimal 8353)
   defining Unicode char U+20A4 (decimal 8356)
   defining Unicode char U+20A6 (decimal 8358)
   defining Unicode char U+20A9 (decimal 8361)
   defining Unicode char U+20AB (decimal 8363)
   defining Unicode char U+20AC (decimal 8364)
   defining Unicode char U+20B1 (decimal 8369)
   defining Unicode char U+2103 (decimal 8451)
   defining Unicode char U+2116 (decimal 8470)
   defining Unicode char U+2117 (decimal 8471)
   defining Unicode char U+211E (decimal 8478)
   defining Unicode char U+2120 (decimal 8480)
   defining Unicode char U+2122 (decimal 8482)
   defining Unicode char U+2126 (decimal 8486)
   defining Unicode char U+2127 (decimal 8487)
   defining Unicode char U+212E (decimal 8494)
   defining Unicode char U+2190 (decimal 8592)
   defining Unicode char U+2191 (decimal 8593)
   defining Unicode char U+2192 (decimal 8594)
   defining Unicode char U+2193 (decimal 8595)
   defining Unicode char U+2329 (decimal 9001)
   defining Unicode char U+3008 (decimal 12296)
   defining Unicode char U+232A (decimal 9002)
   defining Unicode char U+3009 (decimal 12297)
   defining Unicode char U+2422 (decimal 9250)
   defining Unicode char U+25E6 (decimal 9702)
   defining Unicode char U+25EF (decimal 9711)
   defining Unicode char U+266A (decimal 9834)
   defining Unicode char U+27E8 (decimal 10216)
   defining Unicode char U+27E9 (decimal 10217)
   defining Unicode char U+FEFF (decimal 65279)
)
Now handling font encoding OMX ...
... no UTF-8 mapping file for font encoding OMX
Now handling font encoding U ...
... no UTF-8 mapping file for font encoding U
   defining Unicode char U+00A9 (decimal 169)
   defining Unicode char U+00AA (decimal 170)
   defining Unicode char U+00AE (decimal 174)
   defining Unicode char U+00BA (decimal 186)
   defining Unicode char U+02C6 (decimal 710)
   defining Unicode char U+02DC (decimal 732)
   defining Unicode char U+200C (decimal 8204)
   defining Unicode char U+2026 (decimal 8230)
   defining Unicode char U+2122 (decimal 8482)
   defining Unicode char U+2423 (decimal 9251)
   defining Unicode char U+FEFF (decimal 65279)
))) (C:\Users\madha\AppData\Local\Programs\MiKTeX\tex/latex/base\fontenc.sty
Package: fontenc 2024/12/21 v2.1c Standard LaTeX package
) (C:\Users\madha\AppData\Local\Programs\MiKTeX\tex/latex/geometry\geometry.sty
Package: geometry 2020/01/02 v5.9 Page Geometry
 (C:\Users\madha\AppData\Local\Programs\MiKTeX\tex/latex/graphics\keyval.sty
Package: keyval 2022/05/29 v1.15 key=value parser (DPC)
\KV@toks@=\toks19
) (C:\Users\madha\AppData\Local\Programs\MiKTeX\tex/generic/iftex\ifvtex.sty
Package: ifvtex 2019/10/25 v1.7 ifvtex legacy package. Use iftex instead.
 (C:\Users\madha\AppData\Local\Programs\MiKTeX\tex/generic/iftex\iftex.sty
Package: iftex 2024/12/12 v1.0g TeX engine tests
))
\Gm@cnth=\count285
\Gm@cntv=\count286
\c@Gm@tempcnt=\count287
\Gm@bindingoffset=\dimen150
\Gm@wd@mp=\dimen151
\Gm@odd@mp=\dimen152
\Gm@even@mp=\dimen153
\Gm@layoutwidth=\dimen154
\Gm@layoutheight=\dimen155
\Gm@layouthoffset=\dimen156
\Gm@layoutvoffset=\dimen157
\Gm@dimlist=\toks20
 (C:\Users\madha\AppData\Local\Programs\MiKTeX\tex/latex/geometry\geometry.cfg)) (C:\Users\madha\AppData\Local\Programs\MiKTeX\tex/latex/amsmath\amsmath.sty
Package: amsmath 2025/05/18 v2.17x AMS math features
\@mathmargin=\skip51

For additional information on amsmath, use the `?' option.
(C:\Users\madha\AppData\Local\Programs\MiKTeX\tex/latex/amsmath\amstext.sty
Package: amstext 2024/11/17 v2.01 AMS text
 (C:\Users\madha\AppData\Local\Programs\MiKTeX\tex/latex/amsmath\amsgen.sty
File: amsgen.sty 1999/11/30 v2.0 generic functions
\@emptytoks=\toks21
\ex@=\dimen158
)) (C:\Users\madha\AppData\Local\Programs\MiKTeX\tex/latex/amsmath\amsbsy.sty
Package: amsbsy 1999/11/29 v1.2d Bold Symbols
\pmbraise@=\dimen159
) (C:\Users\madha\AppData\Local\Programs\MiKTeX\tex/latex/amsmath\amsopn.sty
Package: amsopn 2022/04/08 v2.04 operator names
)
\inf@bad=\count288
LaTeX Info: Redefining \frac on input line 233.
\uproot@=\count289
\leftroot@=\count290
LaTeX Info: Redefining \overline on input line 398.
LaTeX Info: Redefining \colon on input line 409.
\classnum@=\count291
\DOTSCASE@=\count292
LaTeX Info: Redefining \ldots on input line 495.
LaTeX Info: Redefining \dots on input line 498.
LaTeX Info: Redefining \cdots on input line 619.
\Mathstrutbox@=\box53
\strutbox@=\box54
LaTeX Info: Redefining \big on input line 721.
LaTeX Info: Redefining \Big on input line 722.
LaTeX Info: Redefining \bigg on input line 723.
LaTeX Info: Redefining \Bigg on input line 724.
\big@size=\dimen160
LaTeX Font Info:    Redeclaring font encoding OML on input line 742.
LaTeX Font Info:    Redeclaring font encoding OMS on input line 743.
\macc@depth=\count293
LaTeX Info: Redefining \bmod on input line 904.
LaTeX Info: Redefining \pmod on input line 909.
LaTeX Info: Redefining \smash on input line 939.
LaTeX Info: Redefining \relbar on input line 969.
LaTeX Info: Redefining \Relbar on input line 970.
\c@MaxMatrixCols=\count294
\dotsspace@=\muskip17
\c@parentequation=\count295
\dspbrk@lvl=\count296
\tag@help=\toks22
\row@=\count297
\column@=\count298
\maxfields@=\count299
\andhelp@=\toks23
\eqnshift@=\dimen161
\alignsep@=\dimen162
\tagshift@=\dimen163
\tagwidth@=\dimen164
\totwidth@=\dimen165
\lineht@=\dimen166
\@envbody=\toks24
\multlinegap=\skip52
\multlinetaggap=\skip53
\mathdisplay@stack=\toks25
LaTeX Info: Redefining \[ on input line 2949.
LaTeX Info: Redefining \] on input line 2950.
) (C:\Users\madha\AppData\Local\Programs\MiKTeX\tex/latex/tools\bm.sty
Package: bm 2023/12/19 v1.2f Bold Symbol Support (DPC/FMi)
\symboldoperators=\mathgroup4
\symboldletters=\mathgroup5
\symboldsymbols=\mathgroup6
Package bm Info: No bold for \OMX/cmex/m/n, using \pmb.
LaTeX Font Info:    Redeclaring math alphabet \mathbf on input line 149.
) (C:\Users\madha\AppData\Local\Programs\MiKTeX\tex/latex/graphics\graphicx.sty
Package: graphicx 2024/12/31 v1.2e Enhanced LaTeX Graphics (DPC,SPQR)
 (C:\Users\madha\AppData\Local\Programs\MiKTeX\tex/latex/graphics\graphics.sty
Package: graphics 2024/08/06 v1.4g Standard LaTeX Graphics (DPC,SPQR)
 (C:\Users\madha\AppData\Local\Programs\MiKTeX\tex/latex/graphics\trig.sty
Package: trig 2023/12/02 v1.11 sin cos tan (DPC)
) (C:\Users\madha\AppData\Local\Programs\MiKTeX\tex/latex/graphics-cfg\graphics.cfg
File: graphics.cfg 2016/06/04 v1.11 sample graphics configuration
)
Package graphics Info: Driver file: pdftex.def on input line 106.
 (C:\Users\madha\AppData\Local\Programs\MiKTeX\tex/latex/graphics-def\pdftex.def
File: pdftex.def 2024/04/13 v1.2c Graphics/color driver for pdftex
))
\Gin@req@height=\dimen167
\Gin@req@width=\dimen168
) (C:\Users\madha\AppData\Local\Programs\MiKTeX\tex/latex/algorithms\algorithm.sty
Package: algorithm 2009/08/24 v0.1 Document Style `algorithm' - floating environment
 (C:\Users\madha\AppData\Local\Programs\MiKTeX\tex/latex/float\float.sty
Package: float 2001/11/08 v1.3d Float enhancements (AL)
\c@float@type=\count300
\float@exts=\toks26
\float@box=\box55
\@float@everytoks=\toks27
\@floatcapt=\box56
) (C:\Users\madha\AppData\Local\Programs\MiKTeX\tex/latex/base\ifthen.sty
Package: ifthen 2024/03/16 v1.1e Standard LaTeX ifthen package (DPC)
)
\@float@every@algorithm=\toks28
\c@algorithm=\count301
) (C:\Users\madha\AppData\Local\Programs\MiKTeX\tex/latex/caption\caption.sty
Package: caption 2023/08/05 v3.6o Customizing captions (AR)
 (C:\Users\madha\AppData\Local\Programs\MiKTeX\tex/latex/caption\caption3.sty
Package: caption3 2023/07/31 v2.4d caption3 kernel (AR)
\caption@tempdima=\dimen169
\captionmargin=\dimen170
\caption@leftmargin=\dimen171
\caption@rightmargin=\dimen172
\caption@width=\dimen173
\caption@indent=\dimen174
\caption@parindent=\dimen175
\caption@hangindent=\dimen176
Package caption Info: Standard document class detected.
)
\c@caption@flags=\count302
\c@continuedfloat=\count303
Package caption Info: float package is loaded.
) (C:\Users\madha\AppData\Local\Programs\MiKTeX\tex/latex/caption\subcaption.sty
Package: subcaption 2023/07/28 v1.6b Sub-captions (AR)
Package caption Info: New subtype `subfigure' on input line 238.
\c@subfigure=\count304
Package caption Info: New subtype `subtable' on input line 238.
\c@subtable=\count305
) (C:\Users\madha\AppData\Local\Programs\MiKTeX\tex/latex/tools\enumerate.sty
Package: enumerate 2023/07/04 v3.00 enumerate extensions (DPC)
\@enLab=\toks29
) (C:\Users\madha\AppData\Local\Programs\MiKTeX\tex/latex/algorithmicx\algpseudocode.sty
Package: algpseudocode 
 (C:\Users\madha\AppData\Local\Programs\MiKTeX\tex/latex/algorithmicx\algorithmicx.sty
Package: algorithmicx 2005/04/27 v1.2 Algorithmicx

Document Style algorithmicx 1.2 - a greatly improved `algorithmic' style
\c@ALG@line=\count306
\c@ALG@rem=\count307
\c@ALG@nested=\count308
\ALG@tlm=\skip54
\ALG@thistlm=\skip55
\c@ALG@Lnr=\count309
\c@ALG@blocknr=\count310
\c@ALG@storecount=\count311
\c@ALG@tmpcounter=\count312
\ALG@tmplength=\skip56
)
Document Style - pseudocode environments for use with the `algorithmicx' style
) (C:\Users\madha\AppData\Local\Programs\MiKTeX\tex/latex/todonotes\todonotes.sty
Package: todonotes 2024/01/05 v1.1.7 Todonotes source and documentation.
Package: todonotes 2024/01/05
 (C:\Users\madha\AppData\Local\Programs\MiKTeX\tex/latex/xkeyval\xkeyval.sty
Package: xkeyval 2022/06/16 v2.9 package option processing (HA)
 (C:\Users\madha\AppData\Local\Programs\MiKTeX\tex/generic/xkeyval\xkeyval.tex (C:\Users\madha\AppData\Local\Programs\MiKTeX\tex/generic/xkeyval\xkvutils.tex
\XKV@toks=\toks30
\XKV@tempa@toks=\toks31
)
\XKV@depth=\count313
File: xkeyval.tex 2014/12/03 v2.7a key=value parser (HA)
)) (C:\Users\madha\AppData\Local\Programs\MiKTeX\tex/latex/xcolor\xcolor.sty
Package: xcolor 2024/09/29 v3.02 LaTeX color extensions (UK)
 (C:\Users\madha\AppData\Local\Programs\MiKTeX\tex/latex/graphics-cfg\color.cfg
File: color.cfg 2016/01/02 v1.6 sample color configuration
)
Package xcolor Info: Driver file: pdftex.def on input line 274.
 (C:\Users\madha\AppData\Local\Programs\MiKTeX\tex/latex/graphics\mathcolor.ltx)
Package xcolor Info: Model `cmy' substituted by `cmy0' on input line 1349.
Package xcolor Info: Model `hsb' substituted by `rgb' on input line 1353.
Package xcolor Info: Model `RGB' extended on input line 1365.
Package xcolor Info: Model `HTML' substituted by `rgb' on input line 1367.
Package xcolor Info: Model `Hsb' substituted by `hsb' on input line 1368.
Package xcolor Info: Model `tHsb' substituted by `hsb' on input line 1369.
Package xcolor Info: Model `HSB' substituted by `hsb' on input line 1370.
Package xcolor Info: Model `Gray' substituted by `gray' on input line 1371.
Package xcolor Info: Model `wave' substituted by `hsb' on input line 1372.
) (C:\Users\madha\AppData\Local\Programs\MiKTeX\tex/latex/pgf/frontendlayer\tikz.sty (C:\Users\madha\AppData\Local\Programs\MiKTeX\tex/latex/pgf/basiclayer\pgf.sty (C:\Users\madha\AppData\Local\Programs\MiKTeX\tex/latex/pgf/utilities\pgfrcs.sty (C:\Users\madha\AppData\Local\Programs\MiKTeX\tex/generic/pgf/utilities\pgfutil-common.tex
\pgfutil@everybye=\toks32
\pgfutil@tempdima=\dimen177
\pgfutil@tempdimb=\dimen178
) (C:\Users\madha\AppData\Local\Programs\MiKTeX\tex/generic/pgf/utilities\pgfutil-latex.def
\pgfutil@abb=\box57
) (C:\Users\madha\AppData\Local\Programs\MiKTeX\tex/generic/pgf/utilities\pgfrcs.code.tex (C:\Users\madha\AppData\Local\Programs\MiKTeX\tex/generic/pgf\pgf.revision.tex)
Package: pgfrcs 2023-01-15 v3.1.10 (3.1.10)
))
Package: pgf 2023-01-15 v3.1.10 (3.1.10)
 (C:\Users\madha\AppData\Local\Programs\MiKTeX\tex/latex/pgf/basiclayer\pgfcore.sty (C:\Users\madha\AppData\Local\Programs\MiKTeX\tex/latex/pgf/systemlayer\pgfsys.sty (C:\Users\madha\AppData\Local\Programs\MiKTeX\tex/generic/pgf/systemlayer\pgfsys.code.tex
Package: pgfsys 2023-01-15 v3.1.10 (3.1.10)
 (C:\Users\madha\AppData\Local\Programs\MiKTeX\tex/generic/pgf/utilities\pgfkeys.code.tex
\pgfkeys@pathtoks=\toks33
\pgfkeys@temptoks=\toks34
 (C:\Users\madha\AppData\Local\Programs\MiKTeX\tex/generic/pgf/utilities\pgfkeyslibraryfiltered.code.tex
\pgfkeys@tmptoks=\toks35
))
\pgf@x=\dimen179
\pgf@y=\dimen180
\pgf@xa=\dimen181
\pgf@ya=\dimen182
\pgf@xb=\dimen183
\pgf@yb=\dimen184
\pgf@xc=\dimen185
\pgf@yc=\dimen186
\pgf@xd=\dimen187
\pgf@yd=\dimen188
\w@pgf@writea=\write3
\r@pgf@reada=\read3
\c@pgf@counta=\count314
\c@pgf@countb=\count315
\c@pgf@countc=\count316
\c@pgf@countd=\count317
\t@pgf@toka=\toks36
\t@pgf@tokb=\toks37
\t@pgf@tokc=\toks38
\pgf@sys@id@count=\count318
 (C:\Users\madha\AppData\Local\Programs\MiKTeX\tex/generic/pgf/systemlayer\pgf.cfg
File: pgf.cfg 2023-01-15 v3.1.10 (3.1.10)
)
Driver file for pgf: pgfsys-pdftex.def
 (C:\Users\madha\AppData\Local\Programs\MiKTeX\tex/generic/pgf/systemlayer\pgfsys-pdftex.def
File: pgfsys-pdftex.def 2023-01-15 v3.1.10 (3.1.10)
 (C:\Users\madha\AppData\Local\Programs\MiKTeX\tex/generic/pgf/systemlayer\pgfsys-common-pdf.def
File: pgfsys-common-pdf.def 2023-01-15 v3.1.10 (3.1.10)
))) (C:\Users\madha\AppData\Local\Programs\MiKTeX\tex/generic/pgf/systemlayer\pgfsyssoftpath.code.tex
File: pgfsyssoftpath.code.tex 2023-01-15 v3.1.10 (3.1.10)
\pgfsyssoftpath@smallbuffer@items=\count319
\pgfsyssoftpath@bigbuffer@items=\count320
) (C:\Users\madha\AppData\Local\Programs\MiKTeX\tex/generic/pgf/systemlayer\pgfsysprotocol.code.tex
File: pgfsysprotocol.code.tex 2023-01-15 v3.1.10 (3.1.10)
)) (C:\Users\madha\AppData\Local\Programs\MiKTeX\tex/generic/pgf/basiclayer\pgfcore.code.tex
Package: pgfcore 2023-01-15 v3.1.10 (3.1.10)
 (C:\Users\madha\AppData\Local\Programs\MiKTeX\tex/generic/pgf/math\pgfmath.code.tex (C:\Users\madha\AppData\Local\Programs\MiKTeX\tex/generic/pgf/math\pgfmathutil.code.tex) (C:\Users\madha\AppData\Local\Programs\MiKTeX\tex/generic/pgf/math\pgfmathparser.code.tex
\pgfmath@dimen=\dimen189
\pgfmath@count=\count321
\pgfmath@box=\box58
\pgfmath@toks=\toks39
\pgfmath@stack@operand=\toks40
\pgfmath@stack@operation=\toks41
) (C:\Users\madha\AppData\Local\Programs\MiKTeX\tex/generic/pgf/math\pgfmathfunctions.code.tex) (C:\Users\madha\AppData\Local\Programs\MiKTeX\tex/generic/pgf/math\pgfmathfunctions.basic.code.tex) (C:\Users\madha\AppData\Local\Programs\MiKTeX\tex/generic/pgf/math\pgfmathfunctions.trigonometric.code.tex) (C:\Users\madha\AppData\Local\Programs\MiKTeX\tex/generic/pgf/math\pgfmathfunctions.random.code.tex) (C:\Users\madha\AppData\Local\Programs\MiKTeX\tex/generic/pgf/math\pgfmathfunctions.comparison.code.tex) (C:\Users\madha\AppData\Local\Programs\MiKTeX\tex/generic/pgf/math\pgfmathfunctions.base.code.tex) (C:\Users\madha\AppData\Local\Programs\MiKTeX\tex/generic/pgf/math\pgfmathfunctions.round.code.tex) (C:\Users\madha\AppData\Local\Programs\MiKTeX\tex/generic/pgf/math\pgfmathfunctions.misc.code.tex) (C:\Users\madha\AppData\Local\Programs\MiKTeX\tex/generic/pgf/math\pgfmathfunctions.integerarithmetics.code.tex) (C:\Users\madha\AppData\Local\Programs\MiKTeX\tex/generic/pgf/math\pgfmathcalc.code.tex) (C:\Users\madha\AppData\Local\Programs\MiKTeX\tex/generic/pgf/math\pgfmathfloat.code.tex
\c@pgfmathroundto@lastzeros=\count322
)) (C:\Users\madha\AppData\Local\Programs\MiKTeX\tex/generic/pgf/math\pgfint.code.tex) (C:\Users\madha\AppData\Local\Programs\MiKTeX\tex/generic/pgf/basiclayer\pgfcorepoints.code.tex
File: pgfcorepoints.code.tex 2023-01-15 v3.1.10 (3.1.10)
\pgf@picminx=\dimen190
\pgf@picmaxx=\dimen191
\pgf@picminy=\dimen192
\pgf@picmaxy=\dimen193
\pgf@pathminx=\dimen194
\pgf@pathmaxx=\dimen195
\pgf@pathminy=\dimen196
\pgf@pathmaxy=\dimen197
\pgf@xx=\dimen198
\pgf@xy=\dimen199
\pgf@yx=\dimen256
\pgf@yy=\dimen257
\pgf@zx=\dimen258
\pgf@zy=\dimen259
) (C:\Users\madha\AppData\Local\Programs\MiKTeX\tex/generic/pgf/basiclayer\pgfcorepathconstruct.code.tex
File: pgfcorepathconstruct.code.tex 2023-01-15 v3.1.10 (3.1.10)
\pgf@path@lastx=\dimen260
\pgf@path@lasty=\dimen261
) (C:\Users\madha\AppData\Local\Programs\MiKTeX\tex/generic/pgf/basiclayer\pgfcorepathusage.code.tex
File: pgfcorepathusage.code.tex 2023-01-15 v3.1.10 (3.1.10)
\pgf@shorten@end@additional=\dimen262
\pgf@shorten@start@additional=\dimen263
) (C:\Users\madha\AppData\Local\Programs\MiKTeX\tex/generic/pgf/basiclayer\pgfcorescopes.code.tex
File: pgfcorescopes.code.tex 2023-01-15 v3.1.10 (3.1.10)
\pgfpic=\box59
\pgf@hbox=\box60
\pgf@layerbox@main=\box61
\pgf@picture@serial@count=\count323
) (C:\Users\madha\AppData\Local\Programs\MiKTeX\tex/generic/pgf/basiclayer\pgfcoregraphicstate.code.tex
File: pgfcoregraphicstate.code.tex 2023-01-15 v3.1.10 (3.1.10)
\pgflinewidth=\dimen264
) (C:\Users\madha\AppData\Local\Programs\MiKTeX\tex/generic/pgf/basiclayer\pgfcoretransformations.code.tex
File: pgfcoretransformations.code.tex 2023-01-15 v3.1.10 (3.1.10)
\pgf@pt@x=\dimen265
\pgf@pt@y=\dimen266
\pgf@pt@temp=\dimen267
) (C:\Users\madha\AppData\Local\Programs\MiKTeX\tex/generic/pgf/basiclayer\pgfcorequick.code.tex
File: pgfcorequick.code.tex 2023-01-15 v3.1.10 (3.1.10)
) (C:\Users\madha\AppData\Local\Programs\MiKTeX\tex/generic/pgf/basiclayer\pgfcoreobjects.code.tex
File: pgfcoreobjects.code.tex 2023-01-15 v3.1.10 (3.1.10)
) (C:\Users\madha\AppData\Local\Programs\MiKTeX\tex/generic/pgf/basiclayer\pgfcorepathprocessing.code.tex
File: pgfcorepathprocessing.code.tex 2023-01-15 v3.1.10 (3.1.10)
) (C:\Users\madha\AppData\Local\Programs\MiKTeX\tex/generic/pgf/basiclayer\pgfcorearrows.code.tex
File: pgfcorearrows.code.tex 2023-01-15 v3.1.10 (3.1.10)
\pgfarrowsep=\dimen268
) (C:\Users\madha\AppData\Local\Programs\MiKTeX\tex/generic/pgf/basiclayer\pgfcoreshade.code.tex
File: pgfcoreshade.code.tex 2023-01-15 v3.1.10 (3.1.10)
\pgf@max=\dimen269
\pgf@sys@shading@range@num=\count324
\pgf@shadingcount=\count325
) (C:\Users\madha\AppData\Local\Programs\MiKTeX\tex/generic/pgf/basiclayer\pgfcoreimage.code.tex
File: pgfcoreimage.code.tex 2023-01-15 v3.1.10 (3.1.10)
) (C:\Users\madha\AppData\Local\Programs\MiKTeX\tex/generic/pgf/basiclayer\pgfcoreexternal.code.tex
File: pgfcoreexternal.code.tex 2023-01-15 v3.1.10 (3.1.10)
\pgfexternal@startupbox=\box62
) (C:\Users\madha\AppData\Local\Programs\MiKTeX\tex/generic/pgf/basiclayer\pgfcorelayers.code.tex
File: pgfcorelayers.code.tex 2023-01-15 v3.1.10 (3.1.10)
) (C:\Users\madha\AppData\Local\Programs\MiKTeX\tex/generic/pgf/basiclayer\pgfcoretransparency.code.tex
File: pgfcoretransparency.code.tex 2023-01-15 v3.1.10 (3.1.10)
) (C:\Users\madha\AppData\Local\Programs\MiKTeX\tex/generic/pgf/basiclayer\pgfcorepatterns.code.tex
File: pgfcorepatterns.code.tex 2023-01-15 v3.1.10 (3.1.10)
) (C:\Users\madha\AppData\Local\Programs\MiKTeX\tex/generic/pgf/basiclayer\pgfcorerdf.code.tex
File: pgfcorerdf.code.tex 2023-01-15 v3.1.10 (3.1.10)
))) (C:\Users\madha\AppData\Local\Programs\MiKTeX\tex/generic/pgf/modules\pgfmoduleshapes.code.tex
File: pgfmoduleshapes.code.tex 2023-01-15 v3.1.10 (3.1.10)
\pgfnodeparttextbox=\box63
) (C:\Users\madha\AppData\Local\Programs\MiKTeX\tex/generic/pgf/modules\pgfmoduleplot.code.tex
File: pgfmoduleplot.code.tex 2023-01-15 v3.1.10 (3.1.10)
) (C:\Users\madha\AppData\Local\Programs\MiKTeX\tex/latex/pgf/compatibility\pgfcomp-version-0-65.sty
Package: pgfcomp-version-0-65 2023-01-15 v3.1.10 (3.1.10)
\pgf@nodesepstart=\dimen270
\pgf@nodesepend=\dimen271
) (C:\Users\madha\AppData\Local\Programs\MiKTeX\tex/latex/pgf/compatibility\pgfcomp-version-1-18.sty
Package: pgfcomp-version-1-18 2023-01-15 v3.1.10 (3.1.10)
)) (C:\Users\madha\AppData\Local\Programs\MiKTeX\tex/latex/pgf/utilities\pgffor.sty (C:\Users\madha\AppData\Local\Programs\MiKTeX\tex/latex/pgf/utilities\pgfkeys.sty (C:\Users\madha\AppData\Local\Programs\MiKTeX\tex/generic/pgf/utilities\pgfkeys.code.tex)) (C:\Users\madha\AppData\Local\Programs\MiKTeX\tex/latex/pgf/math\pgfmath.sty (C:\Users\madha\AppData\Local\Programs\MiKTeX\tex/generic/pgf/math\pgfmath.code.tex)) (C:\Users\madha\AppData\Local\Programs\MiKTeX\tex/generic/pgf/utilities\pgffor.code.tex
Package: pgffor 2023-01-15 v3.1.10 (3.1.10)
\pgffor@iter=\dimen272
\pgffor@skip=\dimen273
\pgffor@stack=\toks42
\pgffor@toks=\toks43
)) (C:\Users\madha\AppData\Local\Programs\MiKTeX\tex/generic/pgf/frontendlayer/tikz\tikz.code.tex
Package: tikz 2023-01-15 v3.1.10 (3.1.10)
 (C:\Users\madha\AppData\Local\Programs\MiKTeX\tex/generic/pgf/libraries\pgflibraryplothandlers.code.tex
File: pgflibraryplothandlers.code.tex 2023-01-15 v3.1.10 (3.1.10)
\pgf@plot@mark@count=\count326
\pgfplotmarksize=\dimen274
)
\tikz@lastx=\dimen275
\tikz@lasty=\dimen276
\tikz@lastxsaved=\dimen277
\tikz@lastysaved=\dimen278
\tikz@lastmovetox=\dimen279
\tikz@lastmovetoy=\dimen280
\tikzleveldistance=\dimen281
\tikzsiblingdistance=\dimen282
\tikz@figbox=\box64
\tikz@figbox@bg=\box65
\tikz@tempbox=\box66
\tikz@tempbox@bg=\box67
\tikztreelevel=\count327
\tikznumberofchildren=\count328
\tikznumberofcurrentchild=\count329
\tikz@fig@count=\count330
 (C:\Users\madha\AppData\Local\Programs\MiKTeX\tex/generic/pgf/modules\pgfmodulematrix.code.tex
File: pgfmodulematrix.code.tex 2023-01-15 v3.1.10 (3.1.10)
\pgfmatrixcurrentrow=\count331
\pgfmatrixcurrentcolumn=\count332
\pgf@matrix@numberofcolumns=\count333
)
\tikz@expandcount=\count334
 (C:\Users\madha\AppData\Local\Programs\MiKTeX\tex/generic/pgf/frontendlayer/tikz/libraries\tikzlibrarytopaths.code.tex
File: tikzlibrarytopaths.code.tex 2023-01-15 v3.1.10 (3.1.10)
))) (C:\Users\madha\AppData\Local\Programs\MiKTeX\tex/generic/pgf/frontendlayer/tikz/libraries\tikzlibrarypositioning.code.tex
File: tikzlibrarypositioning.code.tex 2023-01-15 v3.1.10 (3.1.10)
) (C:\Users\madha\AppData\Local\Programs\MiKTeX\tex/latex/tools\calc.sty
Package: calc 2025/03/01 v4.3b Infix arithmetic (KKT,FJ)
\calc@Acount=\count335
\calc@Bcount=\count336
\calc@Adimen=\dimen283
\calc@Bdimen=\dimen284
\calc@Askip=\skip57
\calc@Bskip=\skip58
LaTeX Info: Redefining \setlength on input line 86.
LaTeX Info: Redefining \addtolength on input line 87.
\calc@Ccount=\count337
\calc@Cskip=\skip59
)
\c@@todonotes@numberoftodonotes=\count338
) (C:\Users\madha\AppData\Local\Programs\MiKTeX\tex/latex/hyperref\hyperref.sty
Package: hyperref 2025-05-20 v7.01m Hypertext links for LaTeX
 (C:\Users\madha\AppData\Local\Programs\MiKTeX\tex/latex/kvsetkeys\kvsetkeys.sty
Package: kvsetkeys 2022-10-05 v1.19 Key value parser (HO)
) (C:\Users\madha\AppData\Local\Programs\MiKTeX\tex/generic/kvdefinekeys\kvdefinekeys.sty
Package: kvdefinekeys 2019-12-19 v1.6 Define keys (HO)
) (C:\Users\madha\AppData\Local\Programs\MiKTeX\tex/generic/pdfescape\pdfescape.sty
Package: pdfescape 2019/12/09 v1.15 Implements pdfTeX's escape features (HO)
 (C:\Users\madha\AppData\Local\Programs\MiKTeX\tex/generic/ltxcmds\ltxcmds.sty
Package: ltxcmds 2023-12-04 v1.26 LaTeX kernel commands for general use (HO)
) (C:\Users\madha\AppData\Local\Programs\MiKTeX\tex/generic/pdftexcmds\pdftexcmds.sty
Package: pdftexcmds 2020-06-27 v0.33 Utility functions of pdfTeX for LuaTeX (HO)
 (C:\Users\madha\AppData\Local\Programs\MiKTeX\tex/generic/infwarerr\infwarerr.sty
Package: infwarerr 2019/12/03 v1.5 Providing info/warning/error messages (HO)
)
Package pdftexcmds Info: \pdf@primitive is available.
Package pdftexcmds Info: \pdf@ifprimitive is available.
Package pdftexcmds Info: \pdfdraftmode found.
)) (C:\Users\madha\AppData\Local\Programs\MiKTeX\tex/latex/hycolor\hycolor.sty
Package: hycolor 2020-01-27 v1.10 Color options for hyperref/bookmark (HO)
) (C:\Users\madha\AppData\Local\Programs\MiKTeX\tex/latex/hyperref\nameref.sty
Package: nameref 2023-11-26 v2.56 Cross-referencing by name of section
 (C:\Users\madha\AppData\Local\Programs\MiKTeX\tex/latex/refcount\refcount.sty
Package: refcount 2019/12/15 v3.6 Data extraction from label references (HO)
) (C:\Users\madha\AppData\Local\Programs\MiKTeX\tex/generic/gettitlestring\gettitlestring.sty
Package: gettitlestring 2019/12/15 v1.6 Cleanup title references (HO)
 (C:\Users\madha\AppData\Local\Programs\MiKTeX\tex/latex/kvoptions\kvoptions.sty
Package: kvoptions 2022-06-15 v3.15 Key value format for package options (HO)
))
\c@section@level=\count339
) (C:\Users\madha\AppData\Local\Programs\MiKTeX\tex/latex/etoolbox\etoolbox.sty
Package: etoolbox 2025/02/11 v2.5l e-TeX tools for LaTeX (JAW)
\etb@tempcnta=\count340
) (C:\Users\madha\AppData\Local\Programs\MiKTeX\tex/generic/stringenc\stringenc.sty
Package: stringenc 2019/11/29 v1.12 Convert strings between diff. encodings (HO)
)
\@linkdim=\dimen285
\Hy@linkcounter=\count341
\Hy@pagecounter=\count342
 (C:\Users\madha\AppData\Local\Programs\MiKTeX\tex/latex/hyperref\pd1enc.def
File: pd1enc.def 2025-05-20 v7.01m Hyperref: PDFDocEncoding definition (HO)
Now handling font encoding PD1 ...
... no UTF-8 mapping file for font encoding PD1
) (C:\Users\madha\AppData\Local\Programs\MiKTeX\tex/generic/intcalc\intcalc.sty
Package: intcalc 2019/12/15 v1.3 Expandable calculations with integers (HO)
)
\Hy@SavedSpaceFactor=\count343
 (C:\Users\madha\AppData\Local\Programs\MiKTeX\tex/latex/hyperref\puenc.def
File: puenc.def 2025-05-20 v7.01m Hyperref: PDF Unicode definition (HO)
Now handling font encoding PU ...
... no UTF-8 mapping file for font encoding PU
)
Package hyperref Info: Option `colorlinks' set `false' on input line 4040.
Package hyperref Info: Hyper figures OFF on input line 4157.
Package hyperref Info: Link nesting OFF on input line 4162.
Package hyperref Info: Hyper index ON on input line 4165.
Package hyperref Info: Plain pages OFF on input line 4172.
Package hyperref Info: Backreferencing OFF on input line 4177.
Package hyperref Info: Implicit mode ON; LaTeX internals redefined.
Package hyperref Info: Bookmarks ON on input line 4424.
\c@Hy@tempcnt=\count344
 (C:\Users\madha\AppData\Local\Programs\MiKTeX\tex/latex/url\url.sty
\Urlmuskip=\muskip18
Package: url 2013/09/16  ver 3.4  Verb mode for urls, etc.
)
LaTeX Info: Redefining \url on input line 4763.
\XeTeXLinkMargin=\dimen286
 (C:\Users\madha\AppData\Local\Programs\MiKTeX\tex/generic/bitset\bitset.sty
Package: bitset 2019/12/09 v1.3 Handle bit-vector datatype (HO)
 (C:\Users\madha\AppData\Local\Programs\MiKTeX\tex/generic/bigintcalc\bigintcalc.sty
Package: bigintcalc 2019/12/15 v1.5 Expandable calculations on big integers (HO)
))
\Fld@menulength=\count345
\Field@Width=\dimen287
\Fld@charsize=\dimen288
Package hyperref Info: Hyper figures OFF on input line 6042.
Package hyperref Info: Link nesting OFF on input line 6047.
Package hyperref Info: Hyper index ON on input line 6050.
Package hyperref Info: backreferencing OFF on input line 6057.
Package hyperref Info: Link coloring OFF on input line 6062.
Package hyperref Info: Link coloring with OCG OFF on input line 6067.
Package hyperref Info: PDF/A mode OFF on input line 6072.
 (C:\Users\madha\AppData\Local\Programs\MiKTeX\tex/latex/base\atbegshi-ltx.sty
Package: atbegshi-ltx 2021/01/10 v1.0c Emulation of the original atbegshi
package with kernel methods
)
\Hy@abspage=\count346
\c@Item=\count347
\c@Hfootnote=\count348
)
Package hyperref Info: Driver (autodetected): hpdftex.
 (C:\Users\madha\AppData\Local\Programs\MiKTeX\tex/latex/hyperref\hpdftex.def
File: hpdftex.def 2025-05-20 v7.01m Hyperref driver for pdfTeX
\Fld@listcount=\count349
\c@bookmark@seq@number=\count350
 (C:\Users\madha\AppData\Local\Programs\MiKTeX\tex/latex/rerunfilecheck\rerunfilecheck.sty
Package: rerunfilecheck 2022-07-10 v1.10 Rerun checks for auxiliary files (HO)
 (C:\Users\madha\AppData\Local\Programs\MiKTeX\tex/latex/base\atveryend-ltx.sty
Package: atveryend-ltx 2020/08/19 v1.0a Emulation of the original atveryend package
with kernel methods
) (C:\Users\madha\AppData\Local\Programs\MiKTeX\tex/generic/uniquecounter\uniquecounter.sty
Package: uniquecounter 2019/12/15 v1.4 Provide unlimited unique counter (HO)
)
Package uniquecounter Info: New unique counter `rerunfilecheck' on input line 285.
)
\Hy@SectionHShift=\skip60
) (C:\Users\madha\AppData\Local\Programs\MiKTeX\tex/latex/base\textcomp.sty
Package: textcomp 2024/04/24 v2.1b Standard LaTeX package
) (C:\Users\madha\AppData\Local\Programs\MiKTeX\tex/latex/l3backend\l3backend-pdftex.def
File: l3backend-pdftex.def 2025-04-14 L3 backend support: PDF output (pdfTeX)
\l__color_backend_stack_int=\count351
) (main.aux)
\openout1 = `main.aux'.

LaTeX Font Info:    Checking defaults for OML/cmm/m/it on input line 32.
LaTeX Font Info:    ... okay on input line 32.
LaTeX Font Info:    Checking defaults for OMS/cmsy/m/n on input line 32.
LaTeX Font Info:    ... okay on input line 32.
LaTeX Font Info:    Checking defaults for OT1/cmr/m/n on input line 32.
LaTeX Font Info:    ... okay on input line 32.
LaTeX Font Info:    Checking defaults for T1/cmr/m/n on input line 32.
LaTeX Font Info:    ... okay on input line 32.
LaTeX Font Info:    Checking defaults for TS1/cmr/m/n on input line 32.
LaTeX Font Info:    ... okay on input line 32.
LaTeX Font Info:    Checking defaults for OMX/cmex/m/n on input line 32.
LaTeX Font Info:    ... okay on input line 32.
LaTeX Font Info:    Checking defaults for U/cmr/m/n on input line 32.
LaTeX Font Info:    ... okay on input line 32.
LaTeX Font Info:    Checking defaults for PD1/pdf/m/n on input line 32.
LaTeX Font Info:    ... okay on input line 32.
LaTeX Font Info:    Checking defaults for PU/pdf/m/n on input line 32.
LaTeX Font Info:    ... okay on input line 32.

*geometry* driver: auto-detecting
*geometry* detected driver: pdftex
*geometry* verbose mode - [ preamble ] result:
* driver: pdftex
* paper: a4paper
* layout: <same size as paper>
* layoutoffset:(h,v)=(0.0pt,0.0pt)
* modes: 
* h-part:(L,W,R)=(85.35826pt, 426.79135pt, 85.35826pt)
* v-part:(T,H,B)=(85.35826pt, 702.78308pt, 56.9055pt)
* \paperwidth=597.50787pt
* \paperheight=845.04684pt
* \textwidth=426.79135pt
* \textheight=702.78308pt
* \oddsidemargin=13.08827pt
* \evensidemargin=13.08827pt
* \topmargin=-23.91173pt
* \headheight=12.0pt
* \headsep=25.0pt
* \topskip=10.0pt
* \footskip=30.0pt
* \marginparwidth=56.9055pt
* \marginparsep=11.0pt
* \columnsep=10.0pt
* \skip\footins=9.0pt plus 4.0pt minus 2.0pt
* \hoffset=0.0pt
* \voffset=0.0pt
* \mag=1000
* \@twocolumnfalse
* \@twosidefalse
* \@mparswitchfalse
* \@reversemarginfalse
* (1in=72.27pt=25.4mm, 1cm=28.453pt)

(C:\Users\madha\AppData\Local\Programs\MiKTeX\tex/context/base/mkii\supp-pdf.mkii
[Loading MPS to PDF converter (version 2006.09.02).]
\scratchcounter=\count352
\scratchdimen=\dimen289
\scratchbox=\box68
\nofMPsegments=\count353
\nofMParguments=\count354
\everyMPshowfont=\toks44
\MPscratchCnt=\count355
\MPscratchDim=\dimen290
\MPnumerator=\count356
\makeMPintoPDFobject=\count357
\everyMPtoPDFconversion=\toks45
) (C:\Users\madha\AppData\Local\Programs\MiKTeX\tex/latex/epstopdf-pkg\epstopdf-base.sty
Package: epstopdf-base 2020-01-24 v2.11 Base part for package epstopdf
Package epstopdf-base Info: Redefining graphics rule for `.eps' on input line 485.
 (C:\Users\madha\AppData\Local\Programs\MiKTeX\tex/latex/00miktex\epstopdf-sys.cfg
File: epstopdf-sys.cfg 2021/03/18 v2.0 Configuration of epstopdf for MiKTeX
))
Package caption Info: Begin \AtBeginDocument code.
Package caption Info: hyperref package is loaded.
Package caption Info: End \AtBeginDocument code.
Package hyperref Info: Link coloring OFF on input line 32.
 (main.out) (main.out)
\@outlinefile=\write4
\openout4 = `main.out'.

 (main.toc

[1

{C:/Users/madha/AppData/Local/MiKTeX/fonts/map/pdftex/pdftex.map}])
\tf@toc=\write5
\openout5 = `main.toc'.



Package hyperref Warning: Token not allowed in a PDF string (Unicode):
(hyperref)                removing `\colorbox' on input line 40.

<images/Lec_1_Q_1.jpeg, id=299, 2409.0pt x 898.35625pt>
File: images/Lec_1_Q_1.jpeg Graphic file (type jpg)
<use images/Lec_1_Q_1.jpeg>
Package pdftex.def Info: images/Lec_1_Q_1.jpeg  used on input line 44.
(pdftex.def)             Requested size: 341.43437pt x 127.318pt.

Underfull \hbox (badness 10000) in paragraph at lines 41--46

 []

<images/Lec_1_Q_1_testbench.png, id=300, 1142.76938pt x 538.26094pt>
File: images/Lec_1_Q_1_testbench.png Graphic file (type png)
<use images/Lec_1_Q_1_testbench.png>
Package pdftex.def Info: images/Lec_1_Q_1_testbench.png  used on input line 54.
(pdftex.def)             Requested size: 426.79135pt x 201.02603pt.


[2 <./images/Lec_1_Q_1.jpeg>]
<images/Lec_1_Q_1_a_plot.png, id=311, 1433.355pt x 668.4975pt>
File: images/Lec_1_Q_1_a_plot.png Graphic file (type png)
<use images/Lec_1_Q_1_a_plot.png>
Package pdftex.def Info: images/Lec_1_Q_1_a_plot.png  used on input line 60.
(pdftex.def)             Requested size: 426.79135pt x 199.04112pt.
<images/Lec_1_Q_1_b_plot.png, id=312, 1434.10782pt x 670.75594pt>
File: images/Lec_1_Q_1_b_plot.png Graphic file (type png)
<use images/Lec_1_Q_1_b_plot.png>
Package pdftex.def Info: images/Lec_1_Q_1_b_plot.png  used on input line 66.
(pdftex.def)             Requested size: 426.79135pt x 199.6112pt.


[3 <./images/Lec_1_Q_1_testbench.png> <./images/Lec_1_Q_1_a_plot.png>]

Package hyperref Warning: Token not allowed in a PDF string (Unicode):
(hyperref)                removing `\colorbox' on input line 70.

<images/Lec_1_Q_2_3_4.jpeg, id=321, 2337.73375pt x 1306.8825pt>
File: images/Lec_1_Q_2_3_4.jpeg Graphic file (type jpg)
<use images/Lec_1_Q_2_3_4.jpeg>
Package pdftex.def Info: images/Lec_1_Q_2_3_4.jpeg  used on input line 74.
(pdftex.def)             Requested size: 341.43437pt x 190.85909pt.

Underfull \hbox (badness 10000) in paragraph at lines 71--76

 []

<images/Lec_1_Q2_Soln.jpeg, id=322, 2272.49pt x 2184.16pt>
File: images/Lec_1_Q2_Soln.jpeg Graphic file (type jpg)
<use images/Lec_1_Q2_Soln.jpeg>
Package pdftex.def Info: images/Lec_1_Q2_Soln.jpeg  used on input line 80.
(pdftex.def)             Requested size: 426.79135pt x 410.19554pt.

Underfull \hbox (badness 10000) in paragraph at lines 77--82

 []



[4 <./images/Lec_1_Q_1_b_plot.png> <./images/Lec_1_Q_2_3_4.jpeg>]

Package hyperref Warning: Token not allowed in a PDF string (Unicode):
(hyperref)                removing `\colorbox' on input line 83.


Underfull \hbox (badness 10000) in paragraph at lines 84--85

 []


Underfull \hbox (badness 10000) in paragraph at lines 86--87

 []

<images/Lec_1_Q3_Soln.jpeg, id=330, 2078.76625pt x 1800.7275pt>
File: images/Lec_1_Q3_Soln.jpeg Graphic file (type jpg)
<use images/Lec_1_Q3_Soln.jpeg>
Package pdftex.def Info: images/Lec_1_Q3_Soln.jpeg  used on input line 90.
(pdftex.def)             Requested size: 426.79135pt x 369.70107pt.


[5 <./images/Lec_1_Q2_Soln.jpeg>]

Package hyperref Warning: Token not allowed in a PDF string (Unicode):
(hyperref)                removing `\colorbox' on input line 94.

<images/Lec_1_Q4_Soln.jpeg, id=336, 2008.50375pt x 3212.0pt>
File: images/Lec_1_Q4_Soln.jpeg Graphic file (type jpg)
<use images/Lec_1_Q4_Soln.jpeg>
Package pdftex.def Info: images/Lec_1_Q4_Soln.jpeg  used on input line 99.
(pdftex.def)             Requested size: 426.79135pt x 682.52873pt.

Underfull \hbox (badness 10000) in paragraph at lines 95--101

 []



[6 <./images/Lec_1_Q3_Soln.jpeg>]
Overfull \vbox (1.74565pt too high) has occurred while \output is active []



[7 <./images/Lec_1_Q4_Soln.jpeg>]

Package hyperref Warning: Token not allowed in a PDF string (Unicode):
(hyperref)                removing `\colorbox' on input line 104.

<images/Lec_2_Q_1_Soln.jpeg, id=350, 2409.0pt x 669.50125pt>
File: images/Lec_2_Q_1_Soln.jpeg Graphic file (type jpg)
<use images/Lec_2_Q_1_Soln.jpeg>
Package pdftex.def Info: images/Lec_2_Q_1_Soln.jpeg  used on input line 108.
(pdftex.def)             Requested size: 426.79135pt x 118.60489pt.

Underfull \hbox (badness 10000) in paragraph at lines 105--110

 []

<images/Lec_2_Q1.jpeg, id=351, 1737.49126pt x 923.45pt>
File: images/Lec_2_Q1.jpeg Graphic file (type jpg)
<use images/Lec_2_Q1.jpeg>
Package pdftex.def Info: images/Lec_2_Q1.jpeg  used on input line 114.
(pdftex.def)             Requested size: 341.43437pt x 181.45995pt.
<images/Lec_2_Q_1_testbench.png, id=352, 988.44281pt x 505.13719pt>
File: images/Lec_2_Q_1_testbench.png Graphic file (type png)
<use images/Lec_2_Q_1_testbench.png>
Package pdftex.def Info: images/Lec_2_Q_1_testbench.png  used on input line 124.
(pdftex.def)             Requested size: 426.79135pt x 218.10657pt.


[8 <./images/Lec_2_Q_1_Soln.jpeg> <./images/Lec_2_Q1.jpeg>]

Package hyperref Warning: Token not allowed in a PDF string (Unicode):
(hyperref)                removing `\colorbox' on input line 128.

<images/Lec_2_Q_2.jpeg, id=360, 2409.0pt x 822.07124pt>
File: images/Lec_2_Q_2.jpeg Graphic file (type jpg)
<use images/Lec_2_Q_2.jpeg>
Package pdftex.def Info: images/Lec_2_Q_2.jpeg  used on input line 132.
(pdftex.def)             Requested size: 341.43437pt x 116.50664pt.

Underfull \hbox (badness 10000) in paragraph at lines 129--134

 []

<images/Lec_2_Q2_Soln_Part_1.jpeg, id=361, 1968.35374pt x 1753.55125pt>
File: images/Lec_2_Q2_Soln_Part_1.jpeg Graphic file (type jpg)
<use images/Lec_2_Q2_Soln_Part_1.jpeg>
Package pdftex.def Info: images/Lec_2_Q2_Soln_Part_1.jpeg  used on input line 139.
(pdftex.def)             Requested size: 426.79135pt x 380.21701pt.

Underfull \hbox (badness 10000) in paragraph at lines 135--141

 []



[9 <./images/Lec_2_Q_1_testbench.png> <./images/Lec_2_Q_2.jpeg>]
<images/Lec_2_Q2_Soln_Part_2.jpeg, id=369, 2221.29875pt x 2216.28pt>
File: images/Lec_2_Q2_Soln_Part_2.jpeg Graphic file (type jpg)
<use images/Lec_2_Q2_Soln_Part_2.jpeg>
Package pdftex.def Info: images/Lec_2_Q2_Soln_Part_2.jpeg  used on input line 145.
(pdftex.def)             Requested size: 426.79135pt x 425.79823pt.


[10 <./images/Lec_2_Q2_Soln_Part_1.jpeg>]
<images/Lec_2_Q2_Soln_Part_3.jpeg, id=375, 2409.0pt x 848.16875pt>
File: images/Lec_2_Q2_Soln_Part_3.jpeg Graphic file (type jpg)
<use images/Lec_2_Q2_Soln_Part_3.jpeg>
Package pdftex.def Info: images/Lec_2_Q2_Soln_Part_3.jpeg  used on input line 151.
(pdftex.def)             Requested size: 426.79135pt x 150.25658pt.
<images/Lec_2_Q_2_testbench.png, id=376, 1029.8475pt x 548.0475pt>
File: images/Lec_2_Q_2_testbench.png Graphic file (type png)
<use images/Lec_2_Q_2_testbench.png>
Package pdftex.def Info: images/Lec_2_Q_2_testbench.png  used on input line 158.
(pdftex.def)             Requested size: 426.79135pt x 227.11769pt.


[11 <./images/Lec_2_Q2_Soln_Part_2.jpeg> <./images/Lec_2_Q2_Soln_Part_3.jpeg>]
<images/Lec_2_Q_2_a.png, id=383, 1356.56813pt x 622.57594pt>
File: images/Lec_2_Q_2_a.png Graphic file (type png)
<use images/Lec_2_Q_2_a.png>
Package pdftex.def Info: images/Lec_2_Q_2_a.png  used on input line 164.
(pdftex.def)             Requested size: 426.79135pt x 195.86546pt.
<images/Lec_2_Q_2_b.png, id=384, 1338.50063pt x 621.82312pt>
File: images/Lec_2_Q_2_b.png Graphic file (type png)
<use images/Lec_2_Q_2_b.png>
Package pdftex.def Info: images/Lec_2_Q_2_b.png  used on input line 170.
(pdftex.def)             Requested size: 426.79135pt x 198.27583pt.


[12 <./images/Lec_2_Q_2_testbench.png> <./images/Lec_2_Q_2_a.png>]

Package hyperref Warning: Token not allowed in a PDF string (Unicode):
(hyperref)                removing `\colorbox' on input line 175.

<images/Lec_3_Q_1.jpeg, id=393, 2027.575pt x 1694.33pt>
File: images/Lec_3_Q_1.jpeg Graphic file (type jpg)
<use images/Lec_3_Q_1.jpeg>
Package pdftex.def Info: images/Lec_3_Q_1.jpeg  used on input line 184.
(pdftex.def)             Requested size: 341.43437pt x 285.31769pt.
<images/Lec_3_Q1_Soln_1.jpeg, id=394, 2296.58pt x 2794.44pt>
File: images/Lec_3_Q1_Soln_1.jpeg Graphic file (type jpg)
<use images/Lec_3_Q1_Soln_1.jpeg>
Package pdftex.def Info: images/Lec_3_Q1_Soln_1.jpeg  used on input line 190.
(pdftex.def)             Requested size: 426.79135pt x 519.3085pt.


[13 <./images/Lec_2_Q_2_b.png> <./images/Lec_3_Q_1.jpeg>]
<images/Lec_3_Q1_Soln_2.jpeg, id=404, 2176.13pt x 1781.65625pt>
File: images/Lec_3_Q1_Soln_2.jpeg Graphic file (type jpg)
<use images/Lec_3_Q1_Soln_2.jpeg>
Package pdftex.def Info: images/Lec_3_Q1_Soln_2.jpeg  used on input line 196.
(pdftex.def)             Requested size: 426.79135pt x 349.41974pt.


[14 <./images/Lec_3_Q1_Soln_1.jpeg>]
Overfull \hbox (47.27747pt too wide) in paragraph at lines 201--201
[][][][][][][] 
 []


Package hyperref Warning: Token not allowed in a PDF string (Unicode):
(hyperref)                removing `\colorbox' on input line 201.

<images/Lec_3_Q_2.jpeg, id=410, 1596.96625pt x 1171.37625pt>
File: images/Lec_3_Q_2.jpeg Graphic file (type jpg)
<use images/Lec_3_Q_2.jpeg>
Package pdftex.def Info: images/Lec_3_Q_2.jpeg  used on input line 205.
(pdftex.def)             Requested size: 341.43437pt x 250.42896pt.


[15 <./images/Lec_3_Q1_Soln_2.jpeg>]
<images/Lec_3_Q2_Soln.jpeg, id=417, 2387.92125pt x 3212.0pt>
File: images/Lec_3_Q2_Soln.jpeg Graphic file (type jpg)
<use images/Lec_3_Q2_Soln.jpeg>
Package pdftex.def Info: images/Lec_3_Q2_Soln.jpeg  used on input line 211.
(pdftex.def)             Requested size: 426.79135pt x 574.06714pt.


[16 <./images/Lec_3_Q_2.jpeg>]

Package hyperref Warning: Token not allowed in a PDF string (Unicode):
(hyperref)                removing `\colorbox' on input line 214.

<images/Lec_3_Q_3.jpeg, id=423, 2409.0pt x 467.7475pt>
File: images/Lec_3_Q_3.jpeg Graphic file (type jpg)
<use images/Lec_3_Q_3.jpeg>
Package pdftex.def Info: images/Lec_3_Q_3.jpeg  used on input line 218.
(pdftex.def)             Requested size: 341.43437pt x 66.2907pt.
<images/Lec_3_Q3_Soln.jpeg, id=424, 2404.985pt x 2265.46375pt>
File: images/Lec_3_Q3_Soln.jpeg Graphic file (type jpg)
<use images/Lec_3_Q3_Soln.jpeg>
Package pdftex.def Info: images/Lec_3_Q3_Soln.jpeg  used on input line 223.
(pdftex.def)             Requested size: 426.79135pt x 402.02757pt.


[17 <./images/Lec_3_Q2_Soln.jpeg>]

Package hyperref Warning: Token not allowed in a PDF string (Unicode):
(hyperref)                removing `\colorbox' on input line 227.

<images/Lec_4_Q_1.jpeg, id=430, 1856.9375pt x 955.57pt>
File: images/Lec_4_Q_1.jpeg Graphic file (type jpg)
<use images/Lec_4_Q_1.jpeg>
Package pdftex.def Info: images/Lec_4_Q_1.jpeg  used on input line 231.
(pdftex.def)             Requested size: 341.43437pt x 175.6987pt.
<images/Lec_4_Q1_Soln.jpeg, id=431, 1976.38374pt x 1912.14375pt>
File: images/Lec_4_Q1_Soln.jpeg Graphic file (type jpg)
<use images/Lec_4_Q1_Soln.jpeg>
Package pdftex.def Info: images/Lec_4_Q1_Soln.jpeg  used on input line 236.
(pdftex.def)             Requested size: 426.79135pt x 412.91187pt.


[18 <./images/Lec_3_Q_3.jpeg> <./images/Lec_3_Q3_Soln.jpeg>]

Package hyperref Warning: Token not allowed in a PDF string (Unicode):
(hyperref)                removing `\colorbox' on input line 239.

<images/Lec_4_Q_2_3.jpeg, id=438, 2409.0pt x 431.6125pt>
File: images/Lec_4_Q_2_3.jpeg Graphic file (type jpg)
<use images/Lec_4_Q_2_3.jpeg>
Package pdftex.def Info: images/Lec_4_Q_2_3.jpeg  used on input line 243.
(pdftex.def)             Requested size: 341.43437pt x 61.16954pt.


[19 <./images/Lec_4_Q_1.jpeg> <./images/Lec_4_Q1_Soln.jpeg>]
<images/Lec_4_Q2_Soln.jpeg, id=446, 2409.0pt x 1270.7475pt>
File: images/Lec_4_Q2_Soln.jpeg Graphic file (type jpg)
<use images/Lec_4_Q2_Soln.jpeg>
Package pdftex.def Info: images/Lec_4_Q2_Soln.jpeg  used on input line 250.
(pdftex.def)             Requested size: 426.79135pt x 225.11813pt.

Underfull \hbox (badness 10000) in paragraph at lines 246--252

 []


Package hyperref Warning: Token not allowed in a PDF string (Unicode):
(hyperref)                removing `\colorbox' on input line 253.

<images/Lec_4_Q3_Soln.png, id=447, 1188.69093pt x 644.4075pt>
File: images/Lec_4_Q3_Soln.png Graphic file (type png)
<use images/Lec_4_Q3_Soln.png>
Package pdftex.def Info: images/Lec_4_Q3_Soln.png  used on input line 262.
(pdftex.def)             Requested size: 341.43437pt x 185.09364pt.

Underfull \hbox (badness 10000) in paragraph at lines 256--264

 []



[20 <./images/Lec_4_Q_2_3.jpeg> <./images/Lec_4_Q2_Soln.jpeg>]

Package hyperref Warning: Token not allowed in a PDF string (Unicode):
(hyperref)                removing `\colorbox' on input line 266.

<images/Lec_5_Q_1.jpeg, id=454, 2409.0pt x 1764.5925pt>
File: images/Lec_5_Q_1.jpeg Graphic file (type jpg)
<use images/Lec_5_Q_1.jpeg>
Package pdftex.def Info: images/Lec_5_Q_1.jpeg  used on input line 275.
(pdftex.def)             Requested size: 341.43437pt x 250.08385pt.
<images/Lec_5_Q_1_Soln_1.jpg, id=455, 2387.92125pt x 3212.0pt>
File: images/Lec_5_Q_1_Soln_1.jpg Graphic file (type jpg)
<use images/Lec_5_Q_1_Soln_1.jpg>
Package pdftex.def Info: images/Lec_5_Q_1_Soln_1.jpg  used on input line 281.
(pdftex.def)             Requested size: 426.79135pt x 574.06714pt.

Underfull \hbox (badness 10000) in paragraph at lines 278--283

 []



[21 <./images/Lec_4_Q3_Soln.png> <./images/Lec_5_Q_1.jpeg>]
<images/Lec_5_Q_1_Soln_2.jpg, id=466, 2409.0pt x 2244.385pt>
File: images/Lec_5_Q_1_Soln_2.jpg Graphic file (type jpg)
<use images/Lec_5_Q_1_Soln_2.jpg>
Package pdftex.def Info: images/Lec_5_Q_1_Soln_2.jpg  used on input line 287.
(pdftex.def)             Requested size: 426.79135pt x 397.60202pt.


[22 <./images/Lec_5_Q_1_Soln_1.jpg>]
<images/Lec_5_Q1_1_Soln.png, id=472, 1329.46687pt x 633.86812pt>
File: images/Lec_5_Q1_1_Soln.png Graphic file (type png)
<use images/Lec_5_Q1_1_Soln.png>
Package pdftex.def Info: images/Lec_5_Q1_1_Soln.png  used on input line 293.
(pdftex.def)             Requested size: 426.79135pt x 203.48996pt.
<images/Lec_5_Q1_2_Soln.png, id=473, 1334.73656pt x 633.86812pt>
File: images/Lec_5_Q1_2_Soln.png Graphic file (type png)
<use images/Lec_5_Q1_2_Soln.png>
Package pdftex.def Info: images/Lec_5_Q1_2_Soln.png  used on input line 298.
(pdftex.def)             Requested size: 426.79135pt x 202.67752pt.


[23 <./images/Lec_5_Q_1_Soln_2.jpg> <./images/Lec_5_Q1_1_Soln.png>]

Package hyperref Warning: Token not allowed in a PDF string (Unicode):
(hyperref)                removing `\colorbox' on input line 302.

<images/Lec_5_Q_2_ckt.jpeg, id=481, 2409.0pt x 553.06625pt>
File: images/Lec_5_Q_2_ckt.jpeg Graphic file (type jpg)
<use images/Lec_5_Q_2_ckt.jpeg>
Package pdftex.def Info: images/Lec_5_Q_2_ckt.jpeg  used on input line 310.
(pdftex.def)             Requested size: 341.43437pt x 78.38235pt.
<images/Lec_5_Q_2_ques.jpeg, id=482, 2298.5875pt x 1183.42125pt>
File: images/Lec_5_Q_2_ques.jpeg Graphic file (type jpg)
<use images/Lec_5_Q_2_ques.jpeg>
Package pdftex.def Info: images/Lec_5_Q_2_ques.jpeg  used on input line 315.
(pdftex.def)             Requested size: 426.79135pt x 219.72403pt.


[24 <./images/Lec_5_Q1_2_Soln.png> <./images/Lec_5_Q_2_ckt.jpeg> <./images/Lec_5_Q_2_ques.jpeg>]
<images/Lec_6_Q_1.jpeg, id=493, 2409.0pt x 819.06pt>
File: images/Lec_6_Q_1.jpeg Graphic file (type jpg)
<use images/Lec_6_Q_1.jpeg>
Package pdftex.def Info: images/Lec_6_Q_1.jpeg  used on input line 344.
(pdftex.def)             Requested size: 341.43437pt x 116.07986pt.
<images/Lec_6_Q_2.jpeg, id=494, 1966.34625pt x 803.0pt>
File: images/Lec_6_Q_2.jpeg Graphic file (type jpg)
<use images/Lec_6_Q_2.jpeg>
Package pdftex.def Info: images/Lec_6_Q_2.jpeg  used on input line 351.
(pdftex.def)             Requested size: 341.43437pt x 139.42435pt.


Package hyperref Warning: Token not allowed in a PDF string (Unicode):
(hyperref)                removing `\colorbox' on input line 355.

<images/Lec_7_Q_1_2_3.jpeg, id=495, 2409.0pt x 3015.265pt>
File: images/Lec_7_Q_1_2_3.jpeg Graphic file (type jpg)
<use images/Lec_7_Q_1_2_3.jpeg>
Package pdftex.def Info: images/Lec_7_Q_1_2_3.jpeg  used on input line 378.
(pdftex.def)             Requested size: 341.43437pt x 427.33327pt.
<images/Lec_7_Q_1_ckt.png, id=496, 1082.54437pt x 301.8778pt>
File: images/Lec_7_Q_1_ckt.png Graphic file (type png)
<use images/Lec_7_Q_1_ckt.png>
Package pdftex.def Info: images/Lec_7_Q_1_ckt.png  used on input line 383.
(pdftex.def)             Requested size: 426.79135pt x 119.0124pt.


[25 <./images/Lec_6_Q_1.jpeg> <./images/Lec_6_Q_2.jpeg>]

[26 <./images/Lec_7_Q_1_2_3.jpeg>]
Overfull \hbox (54.72565pt too wide) in paragraph at lines 423--423
[][][][][][][] 
 []


Package hyperref Warning: Token not allowed in a PDF string (Unicode):
(hyperref)                removing `\colorbox' on input line 423.



[27 <./images/Lec_7_Q_1_ckt.png>]

[28]
<images/Lec_8_Q1_ckt.jpeg, id=526, 2061.7025pt x 911.405pt>
File: images/Lec_8_Q1_ckt.jpeg Graphic file (type jpg)
<use images/Lec_8_Q1_ckt.jpeg>
Package pdftex.def Info: images/Lec_8_Q1_ckt.jpeg  used on input line 492.
(pdftex.def)             Requested size: 341.43437pt x 150.93161pt.

Underfull \hbox (badness 10000) in paragraph at lines 495--496

 []

<images/Lec_8_Q1.jpeg, id=527, 2409.0pt x 1946.27126pt>
File: images/Lec_8_Q1.jpeg Graphic file (type jpg)
<use images/Lec_8_Q1.jpeg>
Package pdftex.def Info: images/Lec_8_Q1.jpeg  used on input line 499.
(pdftex.def)             Requested size: 426.79135pt x 344.78995pt.


[29 <./images/Lec_8_Q1_ckt.jpeg>]

Package hyperref Warning: Token not allowed in a PDF string (Unicode):
(hyperref)                removing `\colorbox' on input line 502.


Package hyperref Warning: Token not allowed in a PDF string (Unicode):
(hyperref)                removing `math shift' on input line 502.


Package hyperref Warning: Token not allowed in a PDF string (Unicode):
(hyperref)                removing `subscript' on input line 502.


Package hyperref Warning: Token not allowed in a PDF string (Unicode):
(hyperref)                removing `math shift' on input line 502.

<images/Lec_8_Q_1_ckt.png, id=533, 889.82437pt x 552.56438pt>
File: images/Lec_8_Q_1_ckt.png Graphic file (type png)
<use images/Lec_8_Q_1_ckt.png>
Package pdftex.def Info: images/Lec_8_Q_1_ckt.png  used on input line 505.
(pdftex.def)             Requested size: 341.43437pt x 212.02548pt.
<images/Lec_8_Q_1_V_EB_graphs.png, id=534, 1437.11906pt x 623.32875pt>
File: images/Lec_8_Q_1_V_EB_graphs.png Graphic file (type png)
<use images/Lec_8_Q_1_V_EB_graphs.png>
Package pdftex.def Info: images/Lec_8_Q_1_V_EB_graphs.png  used on input line 511.
(pdftex.def)             Requested size: 426.79135pt x 185.11684pt.


[30 <./images/Lec_8_Q1.jpeg> <./images/Lec_8_Q_1_ckt.png>]
<images/Lec_8_Q_1_V_EB_slope_graphs.png, id=544, 1434.10782pt x 622.57594pt>
File: images/Lec_8_Q_1_V_EB_slope_graphs.png Graphic file (type png)
<use images/Lec_8_Q_1_V_EB_slope_graphs.png>
Package pdftex.def Info: images/Lec_8_Q_1_V_EB_slope_graphs.png  used on input line 517.
(pdftex.def)             Requested size: 426.79135pt x 185.27325pt.


Package hyperref Warning: Token not allowed in a PDF string (Unicode):
(hyperref)                removing `math shift' on input line 520.


Package hyperref Warning: Token not allowed in a PDF string (Unicode):
(hyperref)                removing `subscript' on input line 520.


Package hyperref Warning: Token not allowed in a PDF string (Unicode):
(hyperref)                removing `math shift' on input line 520.


Overfull \hbox (4.67265pt too wide) in paragraph at lines 521--521
[][][][][][][] 
 []


Package hyperref Warning: Token not allowed in a PDF string (Unicode):
(hyperref)                removing `\colorbox' on input line 521.


Package hyperref Warning: Token not allowed in a PDF string (Unicode):
(hyperref)                removing `\colorbox' on input line 549.

<images/Lec_9_Q1.jpeg, id=545, 2389.92876pt x 690.58pt>
File: images/Lec_9_Q1.jpeg Graphic file (type jpg)
<use images/Lec_9_Q1.jpeg>
Package pdftex.def Info: images/Lec_9_Q1.jpeg  used on input line 552.
(pdftex.def)             Requested size: 341.43437pt x 98.65103pt.


[31 <./images/Lec_8_Q_1_V_EB_graphs.png> <./images/Lec_8_Q_1_V_EB_slope_graphs.png>]
<images/tyrjrur5et.png, id=555, 752.0597pt x 486.31688pt>
File: images/tyrjrur5et.png Graphic file (type png)
<use images/tyrjrur5et.png>
Package pdftex.def Info: images/tyrjrur5et.png  used on input line 563.
(pdftex.def)             Requested size: 426.79135pt x 275.98653pt.
<images/htjy.png, id=556, 749.04843pt x 485.56406pt>
File: images/htjy.png Graphic file (type png)
<use images/htjy.png>
Package pdftex.def Info: images/htjy.png  used on input line 579.
(pdftex.def)             Requested size: 426.79135pt x 276.66324pt.


[32 <./images/Lec_9_Q1.jpeg> <./images/tyrjrur5et.png>]
<images/grtgr.png, id=571, 751.30687pt x 482.55281pt>
File: images/grtgr.png Graphic file (type png)
<use images/grtgr.png>
Package pdftex.def Info: images/grtgr.png  used on input line 586.
(pdftex.def)             Requested size: 426.79135pt x 274.12283pt.
<images/fvbcn.png, id=572, 750.55406pt x 483.30562pt>
File: images/fvbcn.png Graphic file (type png)
<use images/fvbcn.png>
Package pdftex.def Info: images/fvbcn.png  used on input line 600.
(pdftex.def)             Requested size: 426.79135pt x 274.83072pt.


[33 <./images/htjy.png> <./images/grtgr.png>]
<images/fgb.png, id=584, 748.29562pt x 480.29437pt>
File: images/fgb.png Graphic file (type png)
<use images/fgb.png>
Package pdftex.def Info: images/fgb.png  used on input line 607.
(pdftex.def)             Requested size: 426.79135pt x 273.93918pt.
<images/grtu7i.png, id=585, 752.0597pt x 487.06969pt>
File: images/grtu7i.png Graphic file (type png)
<use images/grtu7i.png>
Package pdftex.def Info: images/grtu7i.png  used on input line 617.
(pdftex.def)             Requested size: 426.79135pt x 276.41373pt.


[34 <./images/fvbcn.png> <./images/fgb.png>]
<images/gthy.png, id=597, 751.30687pt x 501.37312pt>
File: images/gthy.png Graphic file (type png)
<use images/gthy.png>
Package pdftex.def Info: images/gthy.png  used on input line 624.
(pdftex.def)             Requested size: 426.79135pt x 284.81404pt.


Package hyperref Warning: Token not allowed in a PDF string (Unicode):
(hyperref)                removing `\colorbox' on input line 630.

<images/Lec_9_Q2.jpeg, id=598, 1028.84375pt x 760.8425pt>
File: images/Lec_9_Q2.jpeg Graphic file (type jpg)
<use images/Lec_9_Q2.jpeg>
Package pdftex.def Info: images/Lec_9_Q2.jpeg  used on input line 633.
(pdftex.def)             Requested size: 341.43437pt x 252.49516pt.


[35 <./images/grtu7i.png> <./images/gthy.png>]
<images/u7g.png, id=608, 752.0597pt x 484.81125pt>
File: images/u7g.png Graphic file (type png)
<use images/u7g.png>
Package pdftex.def Info: images/u7g.png  used on input line 645.
(pdftex.def)             Requested size: 426.79135pt x 275.13206pt.
<images/yj.png, id=609, 752.0597pt x 485.56406pt>
File: images/yj.png Graphic file (type png)
<use images/yj.png>
Package pdftex.def Info: images/yj.png  used on input line 652.
(pdftex.def)             Requested size: 426.79135pt x 275.5593pt.


[36 <./images/Lec_9_Q2.jpeg> <./images/u7g.png>]
<images/ghj.png, id=619, 752.8125pt x 487.8225pt>
File: images/ghj.png Graphic file (type png)
<use images/ghj.png>
Package pdftex.def Info: images/ghj.png  used on input line 662.
(pdftex.def)             Requested size: 426.79135pt x 276.56555pt.
<images/dsvf.png, id=620, 753.5653pt x 487.06969pt>
File: images/dsvf.png Graphic file (type png)
<use images/dsvf.png>
Package pdftex.def Info: images/dsvf.png  used on input line 669.
(pdftex.def)             Requested size: 426.79135pt x 275.85632pt.


[37 <./images/yj.png> <./images/ghj.png>]
<images/tyh.png, id=634, 755.07094pt x 485.56406pt>
File: images/tyh.png Graphic file (type png)
<use images/tyh.png>
Package pdftex.def Info: images/tyh.png  used on input line 683.
(pdftex.def)             Requested size: 426.79135pt x 274.45534pt.
<images/grthy.png, id=635, 753.5653pt x 503.63156pt>
File: images/grthy.png Graphic file (type png)
<use images/grthy.png>
Package pdftex.def Info: images/grthy.png  used on input line 690.
(pdftex.def)             Requested size: 426.79135pt x 285.2363pt.


[38 <./images/dsvf.png> <./images/tyh.png>]
<images/grgnfhmj.png, id=647, 754.31813pt x 486.31688pt>
File: images/grgnfhmj.png Graphic file (type png)
<use images/grgnfhmj.png>
Package pdftex.def Info: images/grgnfhmj.png  used on input line 700.
(pdftex.def)             Requested size: 426.79135pt x 275.15541pt.
<images/rgfrg.png, id=648, 756.57657pt x 487.8225pt>
File: images/rgfrg.png Graphic file (type png)
<use images/rgfrg.png>
Package pdftex.def Info: images/rgfrg.png  used on input line 707.
(pdftex.def)             Requested size: 426.79135pt x 275.18849pt.


[39 <./images/grthy.png> <./images/grgnfhmj.png>]

Package hyperref Warning: Token not allowed in a PDF string (Unicode):
(hyperref)                removing `\colorbox' on input line 714.

<images/Lec_10_Q1.jpeg, id=660, 1439.3775pt x 1534.73375pt>
File: images/Lec_10_Q1.jpeg Graphic file (type jpg)
<use images/Lec_10_Q1.jpeg>
Package pdftex.def Info: images/Lec_10_Q1.jpeg  used on input line 717.
(pdftex.def)             Requested size: 341.43437pt x 364.0581pt.


[40 <./images/rgfrg.png>]
<images/sfegrg.png, id=667, 279.29344pt x 316.93407pt>
File: images/sfegrg.png Graphic file (type png)
<use images/sfegrg.png>
Package pdftex.def Info: images/sfegrg.png  used on input line 723.
(pdftex.def)             Requested size: 320.0935pt x 363.243pt.

Underfull \hbox (badness 10000) in paragraph at lines 720--726

 []



[41 <./images/Lec_10_Q1.jpeg>]
<images/10.1.png, id=673, 752.0597pt x 499.8675pt>
File: images/10.1.png Graphic file (type png)
<use images/10.1.png>
Package pdftex.def Info: images/10.1.png  used on input line 730.
(pdftex.def)             Requested size: 320.0935pt x 212.7574pt.
<images/10.2.png, id=674, 1435.61343pt x 640.64343pt>
File: images/10.2.png Graphic file (type png)
<use images/10.2.png>
Package pdftex.def Info: images/10.2.png  used on input line 739.
(pdftex.def)             Requested size: 426.79135pt x 190.45448pt.


[42 <./images/sfegrg.png> <./images/10.1.png>]
<images/10.3.png, id=683, 1437.87187pt x 640.64343pt>
File: images/10.3.png Graphic file (type png)
<use images/10.3.png>
Package pdftex.def Info: images/10.3.png  used on input line 749.
(pdftex.def)             Requested size: 426.79135pt x 190.15144pt.

Overfull \hbox (86.84874pt too wide) in paragraph at lines 754--754
[][][][][][][] 
 []


Package hyperref Warning: Token not allowed in a PDF string (Unicode):
(hyperref)                removing `\colorbox' on input line 754.


Package hyperref Warning: Token not allowed in a PDF string (Unicode):
(hyperref)                removing `math shift' on input line 754.


Package hyperref Warning: Token not allowed in a PDF string (Unicode):
(hyperref)                removing `subscript' on input line 754.


Package hyperref Warning: Token not allowed in a PDF string (Unicode):
(hyperref)                removing `math shift' on input line 754.

<images/Lec_10_Q2.jpeg, id=684, 2409.0pt x 528.97626pt>
File: images/Lec_10_Q2.jpeg Graphic file (type jpg)
<use images/Lec_10_Q2.jpeg>
Package pdftex.def Info: images/Lec_10_Q2.jpeg  used on input line 757.
(pdftex.def)             Requested size: 341.43437pt x 74.96825pt.
<images/efwrvrte.png, id=685, 752.8125pt x 501.37312pt>
File: images/efwrvrte.png Graphic file (type png)
<use images/efwrvrte.png>
Package pdftex.def Info: images/efwrvrte.png  used on input line 764.
(pdftex.def)             Requested size: 320.0935pt x 213.18404pt.


[43 <./images/10.3.png> <./images/10.2.png> <./images/Lec_10_Q2.jpeg>]
Underfull \hbox (badness 10000) in paragraph at lines 769--770

 []

<images/Vgs vs Id.png, id=696, 752.0597pt x 499.11469pt>
File: images/Vgs vs Id.png Graphic file (type png)
<use images/Vgs vs Id.png>
Package pdftex.def Info: images/Vgs vs Id.png  used on input line 775.
(pdftex.def)             Requested size: 320.0935pt x 212.43698pt.

Underfull \hbox (badness 10000) in paragraph at lines 780--781

 []


Underfull \hbox (badness 10000) in paragraph at lines 783--786

 []

<images/srbreberg.png, id=697, 747.54282pt x 499.11469pt>
File: images/srbreberg.png Graphic file (type png)
<use images/srbreberg.png>
Package pdftex.def Info: images/srbreberg.png  used on input line 792.
(pdftex.def)             Requested size: 320.0935pt x 213.71645pt.


[44 <./images/efwrvrte.png> <./images/Vgs vs Id.png>]

Package hyperref Warning: Token not allowed in a PDF string (Unicode):
(hyperref)                removing `\colorbox' on input line 801.

<images/Lec_10_Q3.jpeg, id=706, 2272.49pt x 361.35pt>
File: images/Lec_10_Q3.jpeg Graphic file (type jpg)
<use images/Lec_10_Q3.jpeg>
Package pdftex.def Info: images/Lec_10_Q3.jpeg  used on input line 804.
(pdftex.def)             Requested size: 341.43437pt x 54.28838pt.

Underfull \hbox (badness 10000) in paragraph at lines 807--808

 []

<images/Lec_10_Q3_Soln.jpg, id=707, 2409.0pt x 2859.68375pt>
File: images/Lec_10_Q3_Soln.jpg Graphic file (type jpg)
<use images/Lec_10_Q3_Soln.jpg>
Package pdftex.def Info: images/Lec_10_Q3_Soln.jpg  used on input line 811.
(pdftex.def)             Requested size: 426.79135pt x 506.60472pt.


[45 <./images/srbreberg.png> <./images/Lec_10_Q3.jpeg>]
<images/Lec_10_Q3_Soln_2.jpg, id=715, 2227.32124pt x 1359.0775pt>
File: images/Lec_10_Q3_Soln_2.jpg Graphic file (type jpg)
<use images/Lec_10_Q3_Soln_2.jpg>
Package pdftex.def Info: images/Lec_10_Q3_Soln_2.jpg  used on input line 817.
(pdftex.def)             Requested size: 426.79135pt x 260.40488pt.


[46 <./images/Lec_10_Q3_Soln.jpg>]

Package hyperref Warning: Token not allowed in a PDF string (Unicode):
(hyperref)                removing `\colorbox' on input line 821.


Package hyperref Warning: Token not allowed in a PDF string (Unicode):
(hyperref)                removing `math shift' on input line 821.


Package hyperref Warning: Token not allowed in a PDF string (Unicode):
(hyperref)                removing `subscript' on input line 821.


Package hyperref Warning: Token not allowed in a PDF string (Unicode):
(hyperref)                removing `math shift' on input line 821.

<images/Lec_10_Q4.jpeg, id=721, 2348.775pt x 759.83875pt>
File: images/Lec_10_Q4.jpeg Graphic file (type jpg)
<use images/Lec_10_Q4.jpeg>
Package pdftex.def Info: images/Lec_10_Q4.jpeg  used on input line 824.
(pdftex.def)             Requested size: 341.43437pt x 110.44626pt.
<images/ryjtuk.png, id=722, 1440.13031pt x 650.43pt>
File: images/ryjtuk.png Graphic file (type png)
<use images/ryjtuk.png>
Package pdftex.def Info: images/ryjtuk.png  used on input line 829.
(pdftex.def)             Requested size: 426.79135pt x 192.75848pt.
<images/Lec_11_Questions.jpeg, id=723, 2061.7025pt x 1969.3575pt>
File: images/Lec_11_Questions.jpeg Graphic file (type jpg)
<use images/Lec_11_Questions.jpeg>
Package pdftex.def Info: images/Lec_11_Questions.jpeg  used on input line 837.
(pdftex.def)             Requested size: 341.43437pt x 326.13196pt.


[47 <./images/Lec_10_Q3_Soln_2.jpg> <./images/Lec_10_Q4.jpeg> <./images/ryjtuk.png>]

Package hyperref Warning: Token not allowed in a PDF string (Unicode):
(hyperref)                removing `\colorbox' on input line 840.

<images/11.3.png, id=732, 587.19376pt x 240.9pt>
File: images/11.3.png Graphic file (type png)
<use images/11.3.png>
Package pdftex.def Info: images/11.3.png  used on input line 843.
(pdftex.def)             Requested size: 426.79135pt x 175.09462pt.
<images/ythhh.png, id=733, 801.74532pt x 583.42969pt>
File: images/ythhh.png Graphic file (type png)
<use images/ythhh.png>
Package pdftex.def Info: images/ythhh.png  used on input line 849.
(pdftex.def)             Requested size: 426.79135pt x 310.57832pt.


[48 <./images/Lec_11_Questions.jpeg> <./images/11.3.png>]
<images/utjtutu.png, id=741, 754.31813pt x 502.87875pt>
File: images/utjtutu.png Graphic file (type png)
<use images/utjtutu.png>
Package pdftex.def Info: images/utjtutu.png  used on input line 856.
(pdftex.def)             Requested size: 426.79135pt x 284.52603pt.
<images/11.1.png, id=742, 752.0597pt x 501.37312pt>
File: images/11.1.png Graphic file (type png)
<use images/11.1.png>
Package pdftex.def Info: images/11.1.png  used on input line 864.
(pdftex.def)             Requested size: 426.79135pt x 284.53099pt.


[49 <./images/ythhh.png> <./images/utjtutu.png>]
Underfull \hbox (badness 10000) in paragraph at lines 868--870

 []

<images/asfefreg.png, id=752, 755.82375pt x 504.38437pt>
File: images/asfefreg.png Graphic file (type png)
<use images/asfefreg.png>
Package pdftex.def Info: images/asfefreg.png  used on input line 874.
(pdftex.def)             Requested size: 426.79135pt x 284.80838pt.


[50 <./images/11.1.png> <./images/asfefreg.png>]

Package hyperref Warning: Token not allowed in a PDF string (Unicode):
(hyperref)                removing `\colorbox' on input line 881.

<images/11.2.png, id=761, 800.9925pt x 283.81032pt>
File: images/11.2.png Graphic file (type png)
<use images/11.2.png>
Package pdftex.def Info: images/11.2.png  used on input line 884.
(pdftex.def)             Requested size: 426.79135pt x 151.22423pt.
<images/jyjyjk.png, id=762, 752.8125pt x 501.37312pt>
File: images/jyjyjk.png Graphic file (type png)
<use images/jyjyjk.png>
Package pdftex.def Info: images/jyjyjk.png  used on input line 891.
(pdftex.def)             Requested size: 320.0935pt x 213.18404pt.

Underfull \hbox (badness 10000) in paragraph at lines 895--898

 []

<images/sfbgberhe.png, id=763, 752.0597pt x 483.30562pt>
File: images/sfbgberhe.png Graphic file (type png)
<use images/sfbgberhe.png>
Package pdftex.def Info: images/sfbgberhe.png  used on input line 902.
(pdftex.def)             Requested size: 320.0935pt x 205.70822pt.


[51 <./images/11.2.png> <./images/jyjyjk.png>]
Underfull \hbox (badness 10000) in paragraph at lines 906--909

 []


Package hyperref Warning: Token not allowed in a PDF string (Unicode):
(hyperref)                removing `\colorbox' on input line 921.

<images/Lec_12_Q1.jpeg, id=772, 3212.0pt x 904.37875pt>
File: images/Lec_12_Q1.jpeg Graphic file (type jpg)
<use images/Lec_12_Q1.jpeg>
Package pdftex.def Info: images/Lec_12_Q1.jpeg  used on input line 924.
(pdftex.def)             Requested size: 341.43437pt x 96.12865pt.
<images/Lec_12_Q1_Soln.jpg, id=773, 1816.7875pt x 1327.96124pt>
File: images/Lec_12_Q1_Soln.jpg Graphic file (type jpg)
<use images/Lec_12_Q1_Soln.jpg>
Package pdftex.def Info: images/Lec_12_Q1_Soln.jpg  used on input line 930.
(pdftex.def)             Requested size: 426.79135pt x 311.94936pt.


[52 <./images/sfbgberhe.png> <./images/Lec_12_Q1.jpeg>]
<images/Lec_12_Q2.jpeg, id=781, 2169.10374pt x 1354.05875pt>
File: images/Lec_12_Q2.jpeg Graphic file (type jpg)
<use images/Lec_12_Q2.jpeg>
Package pdftex.def Info: images/Lec_12_Q2.jpeg  used on input line 937.
(pdftex.def)             Requested size: 341.43437pt x 213.12074pt.


Package hyperref Warning: Token not allowed in a PDF string (Unicode):
(hyperref)                removing `\colorbox' on input line 942.



[53 <./images/Lec_12_Q1_Soln.jpg> <./images/Lec_12_Q2.jpeg>]
<images/Lec_13_Q_Soln_theory.jpg, id=789, 2297.58376pt x 3212.0pt>
File: images/Lec_13_Q_Soln_theory.jpg Graphic file (type jpg)
<use images/Lec_13_Q_Soln_theory.jpg>
Package pdftex.def Info: images/Lec_13_Q_Soln_theory.jpg  used on input line 947.
(pdftex.def)             Requested size: 426.79135pt x 596.61226pt.


[54]

Package hyperref Warning: Token not allowed in a PDF string (Unicode):
(hyperref)                removing `\colorbox' on input line 952.

<images/Lec_14_Q1.jpg, id=794, 2409.0pt x 3139.73pt>
File: images/Lec_14_Q1.jpg Graphic file (type jpg)
<use images/Lec_14_Q1.jpg>
Package pdftex.def Info: images/Lec_14_Q1.jpg  used on input line 956.
(pdftex.def)             Requested size: 341.43437pt x 444.97285pt.


[55 <./images/Lec_13_Q_Soln_theory.jpg>]

Package hyperref Warning: Token not allowed in a PDF string (Unicode):
(hyperref)                removing `\colorbox' on input line 960.

<images/Lec_14_Q2.jpg, id=802, 2253.41875pt x 3212.0pt>
File: images/Lec_14_Q2.jpg Graphic file (type jpg)
<use images/Lec_14_Q2.jpg>
Package pdftex.def Info: images/Lec_14_Q2.jpg  used on input line 964.
(pdftex.def)             Requested size: 341.43437pt x 486.63132pt.


[56 <./images/Lec_14_Q1.jpg>]

Package hyperref Warning: Token not allowed in a PDF string (Unicode):
(hyperref)                removing `\colorbox' on input line 968.

<images/Lec_14_Q3_Soln_part_1.jpg, id=808, 2269.47874pt x 3212.0pt>
File: images/Lec_14_Q3_Soln_part_1.jpg Graphic file (type jpg)
<use images/Lec_14_Q3_Soln_part_1.jpg>
Package pdftex.def Info: images/Lec_14_Q3_Soln_part_1.jpg  used on input line 973.
(pdftex.def)             Requested size: 426.79135pt x 604.01294pt.


[57 <./images/Lec_14_Q2.jpg>]
<images/Lec_14_Q3_Soln_part_2.jpg, id=814, 1993.4475pt x 1373.13pt>
File: images/Lec_14_Q3_Soln_part_2.jpg Graphic file (type jpg)
<use images/Lec_14_Q3_Soln_part_2.jpg>
Package pdftex.def Info: images/Lec_14_Q3_Soln_part_2.jpg  used on input line 979.
(pdftex.def)             Requested size: 426.79135pt x 293.98102pt.


[58 <./images/Lec_14_Q3_Soln_part_1.jpg>]

Package hyperref Warning: Token not allowed in a PDF string (Unicode):
(hyperref)                removing `\colorbox' on input line 983.


Package hyperref Warning: Token not allowed in a PDF string (Unicode):
(hyperref)                removing `\colorbox' on input line 984.

<images/Lec_15_Q.png, id=821, 1284.8pt x 831.105pt>
File: images/Lec_15_Q.png Graphic file (type png)
<use images/Lec_15_Q.png>
Package pdftex.def Info: images/Lec_15_Q.png  used on input line 987.
(pdftex.def)             Requested size: 341.43437pt x 220.86317pt.
<images/Lec_15_Q_Soln.jpg, id=822, 2409.0pt x 2934.965pt>
File: images/Lec_15_Q_Soln.jpg Graphic file (type jpg)
<use images/Lec_15_Q_Soln.jpg>
Package pdftex.def Info: images/Lec_15_Q_Soln.jpg  used on input line 993.
(pdftex.def)             Requested size: 426.79135pt x 519.9411pt.


[59 <./images/Lec_14_Q3_Soln_part_2.jpg> <./images/Lec_15_Q.png (PNG copy)>]

Package hyperref Warning: Token not allowed in a PDF string (Unicode):
(hyperref)                removing `\colorbox' on input line 998.

<images/Lec_16_Q.png, id=829, 1120.185pt x 419.5675pt>
File: images/Lec_16_Q.png Graphic file (type png)
<use images/Lec_16_Q.png>
Package pdftex.def Info: images/Lec_16_Q.png  used on input line 1001.
(pdftex.def)             Requested size: 341.43437pt x 127.88786pt.


[60 <./images/Lec_15_Q_Soln.jpg>]
<images/Lec_16_Q_Soln.jpg, id=836, 2409.0pt x 2898.83pt>
File: images/Lec_16_Q_Soln.jpg Graphic file (type jpg)
<use images/Lec_16_Q_Soln.jpg>
Package pdftex.def Info: images/Lec_16_Q_Soln.jpg  used on input line 1007.
(pdftex.def)             Requested size: 426.79135pt x 513.53964pt.


[61 <./images/Lec_16_Q.png (PNG copy)>]

[62 <./images/Lec_16_Q_Soln.jpg>] (main.aux)
 ***********
LaTeX2e <2025-06-01>
L3 programming layer <2025-05-26>
 ***********
Package rerunfilecheck Info: File `main.out' has not changed.
(rerunfilecheck)             Checksum: DC3F2F188D720FF88751742A4B380FDC;14598.
 ) 
Here is how much of TeX's memory you used:
 25216 strings out of 468225
 477384 string characters out of 5432973
 862532 words of memory out of 5000000
 53053 multiletter control sequences out of 15000+600000
 646058 words of font info for 86 fonts, out of 8000000 for 9000
 1141 hyphenation exceptions out of 8191
 99i,10n,101p,627b,707s stack positions out of 10000i,1000n,20000p,200000b,200000s
 <C:\Users\madha\AppData\Local\MiKTeX\fonts/pk/ljfour/jknappen/ec/dpi600\tcbx1000.pk> <C:\Users\madha\AppData\Local\MiKTeX\fonts/pk/ljfour/jknappen/ec/dpi600\ecbx0700.pk> <C:\Users\madha\AppData\Local\MiKTeX\fonts/pk/ljfour/jknappen/ec/dpi600\ecrm0700.pk> <C:\Users\madha\AppData\Local\MiKTeX\fonts/pk/ljfour/jknappen/ec/dpi600\tcrm1000.pk> <C:\Users\madha\AppData\Local\MiKTeX\fonts/pk/ljfour/jknappen/ec/dpi600\ecti1000.pk> <C:\Users\madha\AppData\Local\MiKTeX\fonts/pk/ljfour/jknappen/ec/dpi600\ecbx1200.pk> <C:\Users\madha\AppData\Local\MiKTeX\fonts/pk/ljfour/jknappen/ec/dpi600\ecrm1000.pk> <C:\Users\madha\AppData\Local\MiKTeX\fonts/pk/ljfour/jknappen/ec/dpi600\ecbx1000.pk> <C:\Users\madha\AppData\Local\MiKTeX\fonts/pk/ljfour/jknappen/ec/dpi600\ecbx1440.pk> <C:\Users\madha\AppData\Local\MiKTeX\fonts/pk/ljfour/jknappen/ec/dpi600\ecrm1200.pk> <C:\Users\madha\AppData\Local\MiKTeX\fonts/pk/ljfour/jknappen/ec/dpi600\ecbx1728.pk><C:/Users/madha/AppData/Local/Programs/MiKTeX/fonts/type1/public/amsfonts/cm/cmmi10.pfb><C:/Users/madha/AppData/Local/Programs/MiKTeX/fonts/type1/public/amsfonts/cm/cmmi12.pfb><C:/Users/madha/AppData/Local/Programs/MiKTeX/fonts/type1/public/amsfonts/cm/cmmi5.pfb><C:/Users/madha/AppData/Local/Programs/MiKTeX/fonts/type1/public/amsfonts/cm/cmmi7.pfb><C:/Users/madha/AppData/Local/Programs/MiKTeX/fonts/type1/public/amsfonts/cm/cmmi8.pfb><C:/Users/madha/AppData/Local/Programs/MiKTeX/fonts/type1/public/amsfonts/cm/cmr10.pfb><C:/Users/madha/AppData/Local/Programs/MiKTeX/fonts/type1/public/amsfonts/cm/cmr5.pfb><C:/Users/madha/AppData/Local/Programs/MiKTeX/fonts/type1/public/amsfonts/cm/cmr7.pfb><C:/Users/madha/AppData/Local/Programs/MiKTeX/fonts/type1/public/amsfonts/cm/cmsy10.pfb><C:/Users/madha/AppData/Local/Programs/MiKTeX/fonts/type1/public/amsfonts/cm/cmsy5.pfb><C:/Users/madha/AppData/Local/Programs/MiKTeX/fonts/type1/public/amsfonts/cm/cmsy7.pfb>
Output written on main.pdf (62 pages, 10185587 bytes).
PDF statistics:
 1347 PDF objects out of 1440 (max. 8388607)
 257 named destinations out of 1000 (max. 500000)
 951 words of extra memory for PDF output out of 10000 (max. 10000000)

